I
I
I
I
I
I
I
I
I
I
I
I
I
I
I
I
+ 1 2
- 1
+ 2 18
C 19 0.0000000000001
< 20 1000
S 21
< 22 154
> 20 153
+ 24 23
S 25
C 26 -0.5
< 27 155
- 23
+ 29 28
+ 1 30
- 31
+ 17 32
+ 31 3
- 31
+ 3 35
C 36 0.0000000000001
< 37 1000
S 38
< 39 154
> 37 153
+ 41 40
S 42
C 43 -0.5
< 44 155
- 40
+ 46 45
+ 31 47
- 48
+ 34 49
+ 48 4
- 48
+ 4 52
C 53 0.0000000000001
< 54 1000
S 55
< 56 154
> 54 153
+ 58 57
S 59
C 60 -0.5
< 61 155
- 57
+ 63 62
+ 48 64
- 65
+ 51 66
+ 65 5
- 65
+ 5 69
C 70 0.0000000000001
< 71 1000
S 72
< 73 154
> 71 153
+ 75 74
S 76
C 77 -0.5
< 78 155
- 74
+ 80 79
+ 65 81
- 82
+ 68 83
+ 82 6
- 82
+ 6 86
C 87 0.0000000000001
< 88 1000
S 89
< 90 154
> 88 153
+ 92 91
S 93
C 94 -0.5
< 95 155
- 91
+ 97 96
+ 82 98
- 99
+ 85 100
+ 99 7
- 99
+ 7 103
C 104 0.0000000000001
< 105 1000
S 106
< 107 154
> 105 153
+ 109 108
S 110
C 111 -0.5
< 112 155
- 108
+ 114 113
+ 99 115
- 116
+ 102 117
+ 116 8
- 116
+ 8 120
C 121 0.0000000000001
< 122 1000
S 123
< 124 154
> 122 153
+ 126 125
S 127
C 128 -0.5
< 129 155
- 125
+ 131 130
+ 116 132
- 133
+ 119 134
+ 133 9
- 133
+ 9 137
C 138 0.0000000000001
< 139 1000
S 140
< 141 154
> 139 153
+ 143 142
S 144
C 145 -0.5
< 146 155
- 142
+ 148 147
+ 133 149
- 150
+ 136 151
+ 150 10
- 150
+ 10 154
C 155 0.0000000000001
< 156 1000
S 157
< 158 154
> 156 153
+ 160 159
S 161
C 162 -0.5
< 163 155
- 159
+ 165 164
+ 150 166
- 167
+ 153 168
+ 167 11
- 167
+ 11 171
C 172 0.0000000000001
< 173 1000
S 174
< 175 154
> 173 153
+ 177 176
S 178
C 179 -0.5
< 180 155
- 176
+ 182 181
+ 167 183
- 184
+ 170 185
+ 184 12
- 184
+ 12 188
C 189 0.0000000000001
< 190 1000
S 191
< 192 154
> 190 153
+ 194 193
S 195
C 196 -0.5
< 197 155
- 193
+ 199 198
+ 184 200
- 201
+ 187 202
+ 201 13
- 201
+ 13 205
C 206 0.0000000000001
< 207 1000
S 208
< 209 154
> 207 153
+ 211 210
S 212
C 213 -0.5
< 214 155
- 210
+ 216 215
+ 201 217
- 218
+ 204 219
+ 218 14
- 218
+ 14 222
C 223 0.0000000000001
< 224 1000
S 225
< 226 154
> 224 153
+ 228 227
S 229
C 230 -0.5
< 231 155
- 227
+ 233 232
+ 218 234
- 235
+ 221 236
+ 235 15
- 235
+ 15 239
C 240 0.0000000000001
< 241 1000
S 242
< 243 154
> 241 153
+ 245 244
S 246
C 247 -0.5
< 248 155
- 244
+ 250 249
+ 235 251
- 252
+ 238 253
+ 252 16
- 252
+ 16 256
C 257 0.0000000000001
< 258 1000
S 259
< 260 154
> 258 153
+ 262 261
S 263
C 264 -0.5
< 265 155
- 261
+ 267 266
+ 252 268
- 269
+ 255 270
+ 33 50
- 33
+ 50 273
C 274 0.0000000000001
< 275 1000
S 276
< 277 154
> 275 153
+ 279 278
S 280
C 281 -0.5
< 282 155
- 278
+ 284 283
+ 33 285
- 286
+ 272 287
+ 286 67
- 286
+ 67 290
C 291 0.0000000000001
< 292 1000
S 293
< 294 154
> 292 153
+ 296 295
S 297
C 298 -0.5
< 299 155
- 295
+ 301 300
+ 286 302
- 303
+ 289 304
+ 303 84
- 303
+ 84 307
C 308 0.0000000000001
< 309 1000
S 310
< 311 154
> 309 153
+ 313 312
S 314
C 315 -0.5
< 316 155
- 312
+ 318 317
+ 303 319
- 320
+ 306 321
+ 320 101
- 320
+ 101 324
C 325 0.0000000000001
< 326 1000
S 327
< 328 154
> 326 153
+ 330 329
S 331
C 332 -0.5
< 333 155
- 329
+ 335 334
+ 320 336
- 337
+ 323 338
+ 337 118
- 337
+ 118 341
C 342 0.0000000000001
< 343 1000
S 344
< 345 154
> 343 153
+ 347 346
S 348
C 349 -0.5
< 350 155
- 346
+ 352 351
+ 337 353
- 354
+ 340 355
+ 354 135
- 354
+ 135 358
C 359 0.0000000000001
< 360 1000
S 361
< 362 154
> 360 153
+ 364 363
S 365
C 366 -0.5
< 367 155
- 363
+ 369 368
+ 354 370
- 371
+ 357 372
+ 371 152
- 371
+ 152 375
C 376 0.0000000000001
< 377 1000
S 378
< 379 154
> 377 153
+ 381 380
S 382
C 383 -0.5
< 384 155
- 380
+ 386 385
+ 371 387
- 388
+ 374 389
+ 388 169
- 388
+ 169 392
C 393 0.0000000000001
< 394 1000
S 395
< 396 154
> 394 153
+ 398 397
S 399
C 400 -0.5
< 401 155
- 397
+ 403 402
+ 388 404
- 405
+ 391 406
+ 405 186
- 405
+ 186 409
C 410 0.0000000000001
< 411 1000
S 412
< 413 154
> 411 153
+ 415 414
S 416
C 417 -0.5
< 418 155
- 414
+ 420 419
+ 405 421
- 422
+ 408 423
+ 422 203
- 422
+ 203 426
C 427 0.0000000000001
< 428 1000
S 429
< 430 154
> 428 153
+ 432 431
S 433
C 434 -0.5
< 435 155
- 431
+ 437 436
+ 422 438
- 439
+ 425 440
+ 439 220
- 439
+ 220 443
C 444 0.0000000000001
< 445 1000
S 446
< 447 154
> 445 153
+ 449 448
S 450
C 451 -0.5
< 452 155
- 448
+ 454 453
+ 439 455
- 456
+ 442 457
+ 456 237
- 456
+ 237 460
C 461 0.0000000000001
< 462 1000
S 463
< 464 154
> 462 153
+ 466 465
S 467
C 468 -0.5
< 469 155
- 465
+ 471 470
+ 456 472
- 473
+ 459 474
+ 473 254
- 473
+ 254 477
C 478 0.0000000000001
< 479 1000
S 480
< 481 154
> 479 153
+ 483 482
S 484
C 485 -0.5
< 486 155
- 482
+ 488 487
+ 473 489
- 490
+ 476 491
+ 490 271
- 490
+ 271 494
C 495 0.0000000000001
< 496 1000
S 497
< 498 154
> 496 153
+ 500 499
S 501
C 502 -0.5
< 503 155
- 499
+ 505 504
+ 490 506
- 507
+ 493 508
+ 288 305
- 288
+ 305 511
C 512 0.0000000000001
< 513 1000
S 514
< 515 154
> 513 153
+ 517 516
S 518
C 519 -0.5
< 520 155
- 516
+ 522 521
+ 288 523
- 524
+ 510 525
+ 524 322
- 524
+ 322 528
C 529 0.0000000000001
< 530 1000
S 531
< 532 154
> 530 153
+ 534 533
S 535
C 536 -0.5
< 537 155
- 533
+ 539 538
+ 524 540
- 541
+ 527 542
+ 541 339
- 541
+ 339 545
C 546 0.0000000000001
< 547 1000
S 548
< 549 154
> 547 153
+ 551 550
S 552
C 553 -0.5
< 554 155
- 550
+ 556 555
+ 541 557
- 558
+ 544 559
+ 558 356
- 558
+ 356 562
C 563 0.0000000000001
< 564 1000
S 565
< 566 154
> 564 153
+ 568 567
S 569
C 570 -0.5
< 571 155
- 567
+ 573 572
+ 558 574
- 575
+ 561 576
+ 575 373
- 575
+ 373 579
C 580 0.0000000000001
< 581 1000
S 582
< 583 154
> 581 153
+ 585 584
S 586
C 587 -0.5
< 588 155
- 584
+ 590 589
+ 575 591
- 592
+ 578 593
+ 592 390
- 592
+ 390 596
C 597 0.0000000000001
< 598 1000
S 599
< 600 154
> 598 153
+ 602 601
S 603
C 604 -0.5
< 605 155
- 601
+ 607 606
+ 592 608
- 609
+ 595 610
+ 609 407
- 609
+ 407 613
C 614 0.0000000000001
< 615 1000
S 616
< 617 154
> 615 153
+ 619 618
S 620
C 621 -0.5
< 622 155
- 618
+ 624 623
+ 609 625
- 626
+ 612 627
+ 626 424
- 626
+ 424 630
C 631 0.0000000000001
< 632 1000
S 633
< 634 154
> 632 153
+ 636 635
S 637
C 638 -0.5
< 639 155
- 635
+ 641 640
+ 626 642
- 643
+ 629 644
+ 643 441
- 643
+ 441 647
C 648 0.0000000000001
< 649 1000
S 650
< 651 154
> 649 153
+ 653 652
S 654
C 655 -0.5
< 656 155
- 652
+ 658 657
+ 643 659
- 660
+ 646 661
+ 660 458
- 660
+ 458 664
C 665 0.0000000000001
< 666 1000
S 667
< 668 154
> 666 153
+ 670 669
S 671
C 672 -0.5
< 673 155
- 669
+ 675 674
+ 660 676
- 677
+ 663 678
+ 677 475
- 677
+ 475 681
C 682 0.0000000000001
< 683 1000
S 684
< 685 154
> 683 153
+ 687 686
S 688
C 689 -0.5
< 690 155
- 686
+ 692 691
+ 677 693
- 694
+ 680 695
+ 694 492
- 694
+ 492 698
C 699 0.0000000000001
< 700 1000
S 701
< 702 154
> 700 153
+ 704 703
S 705
C 706 -0.5
< 707 155
- 703
+ 709 708
+ 694 710
- 711
+ 697 712
+ 711 509
- 711
+ 509 715
C 716 0.0000000000001
< 717 1000
S 718
< 719 154
> 717 153
+ 721 720
S 722
C 723 -0.5
< 724 155
- 720
+ 726 725
+ 711 727
- 728
+ 714 729
+ 526 543
- 526
+ 543 732
C 733 0.0000000000001
< 734 1000
S 735
< 736 154
> 734 153
+ 738 737
S 739
C 740 -0.5
< 741 155
- 737
+ 743 742
+ 526 744
- 745
+ 731 746
+ 745 560
- 745
+ 560 749
C 750 0.0000000000001
< 751 1000
S 752
< 753 154
> 751 153
+ 755 754
S 756
C 757 -0.5
< 758 155
- 754
+ 760 759
+ 745 761
- 762
+ 748 763
+ 762 577
- 762
+ 577 766
C 767 0.0000000000001
< 768 1000
S 769
< 770 154
> 768 153
+ 772 771
S 773
C 774 -0.5
< 775 155
- 771
+ 777 776
+ 762 778
- 779
+ 765 780
+ 779 594
- 779
+ 594 783
C 784 0.0000000000001
< 785 1000
S 786
< 787 154
> 785 153
+ 789 788
S 790
C 791 -0.5
< 792 155
- 788
+ 794 793
+ 779 795
- 796
+ 782 797
+ 796 611
- 796
+ 611 800
C 801 0.0000000000001
< 802 1000
S 803
< 804 154
> 802 153
+ 806 805
S 807
C 808 -0.5
< 809 155
- 805
+ 811 810
+ 796 812
- 813
+ 799 814
+ 813 628
- 813
+ 628 817
C 818 0.0000000000001
< 819 1000
S 820
< 821 154
> 819 153
+ 823 822
S 824
C 825 -0.5
< 826 155
- 822
+ 828 827
+ 813 829
- 830
+ 816 831
+ 830 645
- 830
+ 645 834
C 835 0.0000000000001
< 836 1000
S 837
< 838 154
> 836 153
+ 840 839
S 841
C 842 -0.5
< 843 155
- 839
+ 845 844
+ 830 846
- 847
+ 833 848
+ 847 662
- 847
+ 662 851
C 852 0.0000000000001
< 853 1000
S 854
< 855 154
> 853 153
+ 857 856
S 858
C 859 -0.5
< 860 155
- 856
+ 862 861
+ 847 863
- 864
+ 850 865
+ 864 679
- 864
+ 679 868
C 869 0.0000000000001
< 870 1000
S 871
< 872 154
> 870 153
+ 874 873
S 875
C 876 -0.5
< 877 155
- 873
+ 879 878
+ 864 880
- 881
+ 867 882
+ 881 696
- 881
+ 696 885
C 886 0.0000000000001
< 887 1000
S 888
< 889 154
> 887 153
+ 891 890
S 892
C 893 -0.5
< 894 155
- 890
+ 896 895
+ 881 897
- 898
+ 884 899
+ 898 713
- 898
+ 713 902
C 903 0.0000000000001
< 904 1000
S 905
< 906 154
> 904 153
+ 908 907
S 909
C 910 -0.5
< 911 155
- 907
+ 913 912
+ 898 914
- 915
+ 901 916
+ 915 730
- 915
+ 730 919
C 920 0.0000000000001
< 921 1000
S 922
< 923 154
> 921 153
+ 925 924
S 926
C 927 -0.5
< 928 155
- 924
+ 930 929
+ 915 931
- 932
+ 918 933
+ 747 764
- 747
+ 764 936
C 937 0.0000000000001
< 938 1000
S 939
< 940 154
> 938 153
+ 942 941
S 943
C 944 -0.5
< 945 155
- 941
+ 947 946
+ 747 948
- 949
+ 935 950
+ 949 781
- 949
+ 781 953
C 954 0.0000000000001
< 955 1000
S 956
< 957 154
> 955 153
+ 959 958
S 960
C 961 -0.5
< 962 155
- 958
+ 964 963
+ 949 965
- 966
+ 952 967
+ 966 798
- 966
+ 798 970
C 971 0.0000000000001
< 972 1000
S 973
< 974 154
> 972 153
+ 976 975
S 977
C 978 -0.5
< 979 155
- 975
+ 981 980
+ 966 982
- 983
+ 969 984
+ 983 815
- 983
+ 815 987
C 988 0.0000000000001
< 989 1000
S 990
< 991 154
> 989 153
+ 993 992
S 994
C 995 -0.5
< 996 155
- 992
+ 998 997
+ 983 999
- 1000
+ 986 1001
+ 1000 832
- 1000
+ 832 1004
C 1005 0.0000000000001
< 1006 1000
S 1007
< 1008 154
> 1006 153
+ 1010 1009
S 1011
C 1012 -0.5
< 1013 155
- 1009
+ 1015 1014
+ 1000 1016
- 1017
+ 1003 1018
+ 1017 849
- 1017
+ 849 1021
C 1022 0.0000000000001
< 1023 1000
S 1024
< 1025 154
> 1023 153
+ 1027 1026
S 1028
C 1029 -0.5
< 1030 155
- 1026
+ 1032 1031
+ 1017 1033
- 1034
+ 1020 1035
+ 1034 866
- 1034
+ 866 1038
C 1039 0.0000000000001
< 1040 1000
S 1041
< 1042 154
> 1040 153
+ 1044 1043
S 1045
C 1046 -0.5
< 1047 155
- 1043
+ 1049 1048
+ 1034 1050
- 1051
+ 1037 1052
+ 1051 883
- 1051
+ 883 1055
C 1056 0.0000000000001
< 1057 1000
S 1058
< 1059 154
> 1057 153
+ 1061 1060
S 1062
C 1063 -0.5
< 1064 155
- 1060
+ 1066 1065
+ 1051 1067
- 1068
+ 1054 1069
+ 1068 900
- 1068
+ 900 1072
C 1073 0.0000000000001
< 1074 1000
S 1075
< 1076 154
> 1074 153
+ 1078 1077
S 1079
C 1080 -0.5
< 1081 155
- 1077
+ 1083 1082
+ 1068 1084
- 1085
+ 1071 1086
+ 1085 917
- 1085
+ 917 1089
C 1090 0.0000000000001
< 1091 1000
S 1092
< 1093 154
> 1091 153
+ 1095 1094
S 1096
C 1097 -0.5
< 1098 155
- 1094
+ 1100 1099
+ 1085 1101
- 1102
+ 1088 1103
+ 1102 934
- 1102
+ 934 1106
C 1107 0.0000000000001
< 1108 1000
S 1109
< 1110 154
> 1108 153
+ 1112 1111
S 1113
C 1114 -0.5
< 1115 155
- 1111
+ 1117 1116
+ 1102 1118
- 1119
+ 1105 1120
+ 951 968
- 951
+ 968 1123
C 1124 0.0000000000001
< 1125 1000
S 1126
< 1127 154
> 1125 153
+ 1129 1128
S 1130
C 1131 -0.5
< 1132 155
- 1128
+ 1134 1133
+ 951 1135
- 1136
+ 1122 1137
+ 1136 985
- 1136
+ 985 1140
C 1141 0.0000000000001
< 1142 1000
S 1143
< 1144 154
> 1142 153
+ 1146 1145
S 1147
C 1148 -0.5
< 1149 155
- 1145
+ 1151 1150
+ 1136 1152
- 1153
+ 1139 1154
+ 1153 1002
- 1153
+ 1002 1157
C 1158 0.0000000000001
< 1159 1000
S 1160
< 1161 154
> 1159 153
+ 1163 1162
S 1164
C 1165 -0.5
< 1166 155
- 1162
+ 1168 1167
+ 1153 1169
- 1170
+ 1156 1171
+ 1170 1019
- 1170
+ 1019 1174
C 1175 0.0000000000001
< 1176 1000
S 1177
< 1178 154
> 1176 153
+ 1180 1179
S 1181
C 1182 -0.5
< 1183 155
- 1179
+ 1185 1184
+ 1170 1186
- 1187
+ 1173 1188
+ 1187 1036
- 1187
+ 1036 1191
C 1192 0.0000000000001
< 1193 1000
S 1194
< 1195 154
> 1193 153
+ 1197 1196
S 1198
C 1199 -0.5
< 1200 155
- 1196
+ 1202 1201
+ 1187 1203
- 1204
+ 1190 1205
+ 1204 1053
- 1204
+ 1053 1208
C 1209 0.0000000000001
< 1210 1000
S 1211
< 1212 154
> 1210 153
+ 1214 1213
S 1215
C 1216 -0.5
< 1217 155
- 1213
+ 1219 1218
+ 1204 1220
- 1221
+ 1207 1222
+ 1221 1070
- 1221
+ 1070 1225
C 1226 0.0000000000001
< 1227 1000
S 1228
< 1229 154
> 1227 153
+ 1231 1230
S 1232
C 1233 -0.5
< 1234 155
- 1230
+ 1236 1235
+ 1221 1237
- 1238
+ 1224 1239
+ 1238 1087
- 1238
+ 1087 1242
C 1243 0.0000000000001
< 1244 1000
S 1245
< 1246 154
> 1244 153
+ 1248 1247
S 1249
C 1250 -0.5
< 1251 155
- 1247
+ 1253 1252
+ 1238 1254
- 1255
+ 1241 1256
+ 1255 1104
- 1255
+ 1104 1259
C 1260 0.0000000000001
< 1261 1000
S 1262
< 1263 154
> 1261 153
+ 1265 1264
S 1266
C 1267 -0.5
< 1268 155
- 1264
+ 1270 1269
+ 1255 1271
- 1272
+ 1258 1273
+ 1272 1121
- 1272
+ 1121 1276
C 1277 0.0000000000001
< 1278 1000
S 1279
< 1280 154
> 1278 153
+ 1282 1281
S 1283
C 1284 -0.5
< 1285 155
- 1281
+ 1287 1286
+ 1272 1288
- 1289
+ 1275 1290
+ 1138 1155
- 1138
+ 1155 1293
C 1294 0.0000000000001
< 1295 1000
S 1296
< 1297 154
> 1295 153
+ 1299 1298
S 1300
C 1301 -0.5
< 1302 155
- 1298
+ 1304 1303
+ 1138 1305
- 1306
+ 1292 1307
+ 1306 1172
- 1306
+ 1172 1310
C 1311 0.0000000000001
< 1312 1000
S 1313
< 1314 154
> 1312 153
+ 1316 1315
S 1317
C 1318 -0.5
< 1319 155
- 1315
+ 1321 1320
+ 1306 1322
- 1323
+ 1309 1324
+ 1323 1189
- 1323
+ 1189 1327
C 1328 0.0000000000001
< 1329 1000
S 1330
< 1331 154
> 1329 153
+ 1333 1332
S 1334
C 1335 -0.5
< 1336 155
- 1332
+ 1338 1337
+ 1323 1339
- 1340
+ 1326 1341
+ 1340 1206
- 1340
+ 1206 1344
C 1345 0.0000000000001
< 1346 1000
S 1347
< 1348 154
> 1346 153
+ 1350 1349
S 1351
C 1352 -0.5
< 1353 155
- 1349
+ 1355 1354
+ 1340 1356
- 1357
+ 1343 1358
+ 1357 1223
- 1357
+ 1223 1361
C 1362 0.0000000000001
< 1363 1000
S 1364
< 1365 154
> 1363 153
+ 1367 1366
S 1368
C 1369 -0.5
< 1370 155
- 1366
+ 1372 1371
+ 1357 1373
- 1374
+ 1360 1375
+ 1374 1240
- 1374
+ 1240 1378
C 1379 0.0000000000001
< 1380 1000
S 1381
< 1382 154
> 1380 153
+ 1384 1383
S 1385
C 1386 -0.5
< 1387 155
- 1383
+ 1389 1388
+ 1374 1390
- 1391
+ 1377 1392
+ 1391 1257
- 1391
+ 1257 1395
C 1396 0.0000000000001
< 1397 1000
S 1398
< 1399 154
> 1397 153
+ 1401 1400
S 1402
C 1403 -0.5
< 1404 155
- 1400
+ 1406 1405
+ 1391 1407
- 1408
+ 1394 1409
+ 1408 1274
- 1408
+ 1274 1412
C 1413 0.0000000000001
< 1414 1000
S 1415
< 1416 154
> 1414 153
+ 1418 1417
S 1419
C 1420 -0.5
< 1421 155
- 1417
+ 1423 1422
+ 1408 1424
- 1425
+ 1411 1426
+ 1425 1291
- 1425
+ 1291 1429
C 1430 0.0000000000001
< 1431 1000
S 1432
< 1433 154
> 1431 153
+ 1435 1434
S 1436
C 1437 -0.5
< 1438 155
- 1434
+ 1440 1439
+ 1425 1441
- 1442
+ 1428 1443
+ 1308 1325
- 1308
+ 1325 1446
C 1447 0.0000000000001
< 1448 1000
S 1449
< 1450 154
> 1448 153
+ 1452 1451
S 1453
C 1454 -0.5
< 1455 155
- 1451
+ 1457 1456
+ 1308 1458
- 1459
+ 1445 1460
+ 1459 1342
- 1459
+ 1342 1463
C 1464 0.0000000000001
< 1465 1000
S 1466
< 1467 154
> 1465 153
+ 1469 1468
S 1470
C 1471 -0.5
< 1472 155
- 1468
+ 1474 1473
+ 1459 1475
- 1476
+ 1462 1477
+ 1476 1359
- 1476
+ 1359 1480
C 1481 0.0000000000001
< 1482 1000
S 1483
< 1484 154
> 1482 153
+ 1486 1485
S 1487
C 1488 -0.5
< 1489 155
- 1485
+ 1491 1490
+ 1476 1492
- 1493
+ 1479 1494
+ 1493 1376
- 1493
+ 1376 1497
C 1498 0.0000000000001
< 1499 1000
S 1500
< 1501 154
> 1499 153
+ 1503 1502
S 1504
C 1505 -0.5
< 1506 155
- 1502
+ 1508 1507
+ 1493 1509
- 1510
+ 1496 1511
+ 1510 1393
- 1510
+ 1393 1514
C 1515 0.0000000000001
< 1516 1000
S 1517
< 1518 154
> 1516 153
+ 1520 1519
S 1521
C 1522 -0.5
< 1523 155
- 1519
+ 1525 1524
+ 1510 1526
- 1527
+ 1513 1528
+ 1527 1410
- 1527
+ 1410 1531
C 1532 0.0000000000001
< 1533 1000
S 1534
< 1535 154
> 1533 153
+ 1537 1536
S 1538
C 1539 -0.5
< 1540 155
- 1536
+ 1542 1541
+ 1527 1543
- 1544
+ 1530 1545
+ 1544 1427
- 1544
+ 1427 1548
C 1549 0.0000000000001
< 1550 1000
S 1551
< 1552 154
> 1550 153
+ 1554 1553
S 1555
C 1556 -0.5
< 1557 155
- 1553
+ 1559 1558
+ 1544 1560
- 1561
+ 1547 1562
+ 1561 1444
- 1561
+ 1444 1565
C 1566 0.0000000000001
< 1567 1000
S 1568
< 1569 154
> 1567 153
+ 1571 1570
S 1572
C 1573 -0.5
< 1574 155
- 1570
+ 1576 1575
+ 1561 1577
- 1578
+ 1564 1579
+ 1461 1478
- 1461
+ 1478 1582
C 1583 0.0000000000001
< 1584 1000
S 1585
< 1586 154
> 1584 153
+ 1588 1587
S 1589
C 1590 -0.5
< 1591 155
- 1587
+ 1593 1592
+ 1461 1594
- 1595
+ 1581 1596
+ 1595 1495
- 1595
+ 1495 1599
C 1600 0.0000000000001
< 1601 1000
S 1602
< 1603 154
> 1601 153
+ 1605 1604
S 1606
C 1607 -0.5
< 1608 155
- 1604
+ 1610 1609
+ 1595 1611
- 1612
+ 1598 1613
+ 1612 1512
- 1612
+ 1512 1616
C 1617 0.0000000000001
< 1618 1000
S 1619
< 1620 154
> 1618 153
+ 1622 1621
S 1623
C 1624 -0.5
< 1625 155
- 1621
+ 1627 1626
+ 1612 1628
- 1629
+ 1615 1630
+ 1629 1529
- 1629
+ 1529 1633
C 1634 0.0000000000001
< 1635 1000
S 1636
< 1637 154
> 1635 153
+ 1639 1638
S 1640
C 1641 -0.5
< 1642 155
- 1638
+ 1644 1643
+ 1629 1645
- 1646
+ 1632 1647
+ 1646 1546
- 1646
+ 1546 1650
C 1651 0.0000000000001
< 1652 1000
S 1653
< 1654 154
> 1652 153
+ 1656 1655
S 1657
C 1658 -0.5
< 1659 155
- 1655
+ 1661 1660
+ 1646 1662
- 1663
+ 1649 1664
+ 1663 1563
- 1663
+ 1563 1667
C 1668 0.0000000000001
< 1669 1000
S 1670
< 1671 154
> 1669 153
+ 1673 1672
S 1674
C 1675 -0.5
< 1676 155
- 1672
+ 1678 1677
+ 1663 1679
- 1680
+ 1666 1681
+ 1680 1580
- 1680
+ 1580 1684
C 1685 0.0000000000001
< 1686 1000
S 1687
< 1688 154
> 1686 153
+ 1690 1689
S 1691
C 1692 -0.5
< 1693 155
- 1689
+ 1695 1694
+ 1680 1696
- 1697
+ 1683 1698
+ 1597 1614
- 1597
+ 1614 1701
C 1702 0.0000000000001
< 1703 1000
S 1704
< 1705 154
> 1703 153
+ 1707 1706
S 1708
C 1709 -0.5
< 1710 155
- 1706
+ 1712 1711
+ 1597 1713
- 1714
+ 1700 1715
+ 1714 1631
- 1714
+ 1631 1718
C 1719 0.0000000000001
< 1720 1000
S 1721
< 1722 154
> 1720 153
+ 1724 1723
S 1725
C 1726 -0.5
< 1727 155
- 1723
+ 1729 1728
+ 1714 1730
- 1731
+ 1717 1732
+ 1731 1648
- 1731
+ 1648 1735
C 1736 0.0000000000001
< 1737 1000
S 1738
< 1739 154
> 1737 153
+ 1741 1740
S 1742
C 1743 -0.5
< 1744 155
- 1740
+ 1746 1745
+ 1731 1747
- 1748
+ 1734 1749
+ 1748 1665
- 1748
+ 1665 1752
C 1753 0.0000000000001
< 1754 1000
S 1755
< 1756 154
> 1754 153
+ 1758 1757
S 1759
C 1760 -0.5
< 1761 155
- 1757
+ 1763 1762
+ 1748 1764
- 1765
+ 1751 1766
+ 1765 1682
- 1765
+ 1682 1769
C 1770 0.0000000000001
< 1771 1000
S 1772
< 1773 154
> 1771 153
+ 1775 1774
S 1776
C 1777 -0.5
< 1778 155
- 1774
+ 1780 1779
+ 1765 1781
- 1782
+ 1768 1783
+ 1782 1699
- 1782
+ 1699 1786
C 1787 0.0000000000001
< 1788 1000
S 1789
< 1790 154
> 1788 153
+ 1792 1791
S 1793
C 1794 -0.5
< 1795 155
- 1791
+ 1797 1796
+ 1782 1798
- 1799
+ 1785 1800
+ 1716 1733
- 1716
+ 1733 1803
C 1804 0.0000000000001
< 1805 1000
S 1806
< 1807 154
> 1805 153
+ 1809 1808
S 1810
C 1811 -0.5
< 1812 155
- 1808
+ 1814 1813
+ 1716 1815
- 1816
+ 1802 1817
+ 1816 1750
- 1816
+ 1750 1820
C 1821 0.0000000000001
< 1822 1000
S 1823
< 1824 154
> 1822 153
+ 1826 1825
S 1827
C 1828 -0.5
< 1829 155
- 1825
+ 1831 1830
+ 1816 1832
- 1833
+ 1819 1834
+ 1833 1767
- 1833
+ 1767 1837
C 1838 0.0000000000001
< 1839 1000
S 1840
< 1841 154
> 1839 153
+ 1843 1842
S 1844
C 1845 -0.5
< 1846 155
- 1842
+ 1848 1847
+ 1833 1849
- 1850
+ 1836 1851
+ 1850 1784
- 1850
+ 1784 1854
C 1855 0.0000000000001
< 1856 1000
S 1857
< 1858 154
> 1856 153
+ 1860 1859
S 1861
C 1862 -0.5
< 1863 155
- 1859
+ 1865 1864
+ 1850 1866
- 1867
+ 1853 1868
+ 1867 1801
- 1867
+ 1801 1871
C 1872 0.0000000000001
< 1873 1000
S 1874
< 1875 154
> 1873 153
+ 1877 1876
S 1878
C 1879 -0.5
< 1880 155
- 1876
+ 1882 1881
+ 1867 1883
- 1884
+ 1870 1885
+ 1818 1835
- 1818
+ 1835 1888
C 1889 0.0000000000001
< 1890 1000
S 1891
< 1892 154
> 1890 153
+ 1894 1893
S 1895
C 1896 -0.5
< 1897 155
- 1893
+ 1899 1898
+ 1818 1900
- 1901
+ 1887 1902
+ 1901 1852
- 1901
+ 1852 1905
C 1906 0.0000000000001
< 1907 1000
S 1908
< 1909 154
> 1907 153
+ 1911 1910
S 1912
C 1913 -0.5
< 1914 155
- 1910
+ 1916 1915
+ 1901 1917
- 1918
+ 1904 1919
+ 1918 1869
- 1918
+ 1869 1922
C 1923 0.0000000000001
< 1924 1000
S 1925
< 1926 154
> 1924 153
+ 1928 1927
S 1929
C 1930 -0.5
< 1931 155
- 1927
+ 1933 1932
+ 1918 1934
- 1935
+ 1921 1936
+ 1935 1886
- 1935
+ 1886 1939
C 1940 0.0000000000001
< 1941 1000
S 1942
< 1943 154
> 1941 153
+ 1945 1944
S 1946
C 1947 -0.5
< 1948 155
- 1944
+ 1950 1949
+ 1935 1951
- 1952
+ 1938 1953
+ 1903 1920
- 1903
+ 1920 1956
C 1957 0.0000000000001
< 1958 1000
S 1959
< 1960 154
> 1958 153
+ 1962 1961
S 1963
C 1964 -0.5
< 1965 155
- 1961
+ 1967 1966
+ 1903 1968
- 1969
+ 1955 1970
+ 1969 1937
- 1969
+ 1937 1973
C 1974 0.0000000000001
< 1975 1000
S 1976
< 1977 154
> 1975 153
+ 1979 1978
S 1980
C 1981 -0.5
< 1982 155
- 1978
+ 1984 1983
+ 1969 1985
- 1986
+ 1972 1987
+ 1986 1954
- 1986
+ 1954 1990
C 1991 0.0000000000001
< 1992 1000
S 1993
< 1994 154
> 1992 153
+ 1996 1995
S 1997
C 1998 -0.5
< 1999 155
- 1995
+ 2001 2000
+ 1986 2002
- 2003
+ 1989 2004
+ 1971 1988
- 1971
+ 1988 2007
C 2008 0.0000000000001
< 2009 1000
S 2010
< 2011 154
> 2009 153
+ 2013 2012
S 2014
C 2015 -0.5
< 2016 155
- 2012
+ 2018 2017
+ 1971 2019
- 2020
+ 2006 2021
+ 2020 2005
- 2020
+ 2005 2024
C 2025 0.0000000000001
< 2026 1000
S 2027
< 2028 154
> 2026 153
+ 2030 2029
S 2031
C 2032 -0.5
< 2033 155
- 2029
+ 2035 2034
+ 2020 2036
- 2037
+ 2023 2038
+ 2022 2039
- 2022
+ 2039 2041
C 2042 0.0000000000001
< 2043 1000
S 2044
< 2045 154
> 2043 153
+ 2047 2046
S 2048
C 2049 -0.5
< 2050 155
- 2046
+ 2052 2051
+ 2022 2053
- 2054
+ 2040 2055
O 269
O 507
O 728
O 932
O 1119
O 1289
O 1442
O 1578
O 1697
O 1799
O 1884
O 1952
O 2003
O 2037
O 2054
O 2056
