I
I
I
< 2 100
C 4 -2722258935367507707706996859454145691648
S 5
- 6
< 7 131
+ 4 8
C 9 -1361129467683753853853498429727072845824
S 10
- 11
< 12 130
+ 9 13
C 14 -680564733841876926926749214863536422912
S 15
- 16
< 17 129
+ 14 18
C 19 -340282366920938463463374607431768211456
S 20
- 21
< 22 128
+ 19 23
C 24 -170141183460469231731687303715884105728
S 25
- 26
< 27 127
+ 24 28
C 29 -85070591730234615865843651857942052864
S 30
- 31
< 32 126
+ 29 33
C 34 -42535295865117307932921825928971026432
S 35
- 36
< 37 125
+ 34 38
C 39 -21267647932558653966460912964485513216
S 40
- 41
< 42 124
+ 39 43
C 44 -10633823966279326983230456482242756608
S 45
- 46
< 47 123
+ 44 48
C 49 -5316911983139663491615228241121378304
S 50
- 51
< 52 122
+ 49 53
C 54 -2658455991569831745807614120560689152
S 55
- 56
< 57 121
+ 54 58
C 59 -1329227995784915872903807060280344576
S 60
- 61
< 62 120
+ 59 63
C 64 -664613997892457936451903530140172288
S 65
- 66
< 67 119
+ 64 68
C 69 -332306998946228968225951765070086144
S 70
- 71
< 72 118
+ 69 73
C 74 -166153499473114484112975882535043072
S 75
- 76
< 77 117
+ 74 78
C 79 -83076749736557242056487941267521536
S 80
- 81
< 82 116
+ 79 83
C 84 -41538374868278621028243970633760768
S 85
- 86
< 87 115
+ 84 88
C 89 -20769187434139310514121985316880384
S 90
- 91
< 92 114
+ 89 93
C 94 -10384593717069654104139488051593216
S 95
- 96
< 97 113
+ 94 98
C 99 -5192296858534826475608991722373120
S 100
- 101
< 102 112
+ 99 103
C 104 -2596148429267412661343743557763072
S 105
- 106
< 107 111
+ 104 108
C 109 -1298074214633705754211119475458048
S 110
- 111
< 112 110
+ 109 113
C 114 -649037107316852300644807434305536
S 115
- 116
< 117 109
+ 114 118
C 119 -324518553658425573861651413729280
S 120
- 121
< 122 108
+ 119 123
C 124 -162259276829212210470073403441152
S 125
- 126
< 127 107
+ 124 128
C 129 -81129638414605528774284398297088
S 130
- 131
< 132 106
+ 129 133
C 134 -40564819207302187926389895725056
S 135
- 136
< 137 105
+ 134 138
C 139 -20282409603650517502442644439040
S 140
- 141
< 142 104
+ 139 143
C 144 -10141204801824682290469018796032
S 145
- 146
< 147 103
+ 144 148
C 149 -5070602400911764684482205974528
S 150
- 151
< 152 102
+ 149 153
C 154 -2535301200455305881488799563776
S 155
- 156
< 157 101
+ 154 158
- 159
> 1 200
C 8 2722258935367507707706996859454145691648
S 162
- 163
+ 161 162
S 165
+ 166 164
< 167 233
C 13 1361129467683753853853498429727072845824
S 169
- 170
+ 161 169
S 172
+ 173 171
< 174 232
+ 168 175
C 18 680564733841876926926749214863536422912
S 177
- 178
+ 161 177
S 180
+ 181 179
< 182 231
+ 176 183
C 23 340282366920938463463374607431768211456
S 185
- 186
+ 161 185
S 188
+ 189 187
< 190 230
+ 184 191
C 28 170141183460469231731687303715884105728
S 193
- 194
+ 161 193
S 196
+ 197 195
< 198 229
+ 192 199
C 33 85070591730234615865843651857942052864
S 201
- 202
+ 161 201
S 204
+ 205 203
< 206 228
+ 200 207
C 38 42535295865117307932921825928971026432
S 209
- 210
+ 161 209
S 212
+ 213 211
< 214 227
+ 208 215
C 43 21267647932558653966460912964485513216
S 217
- 218
+ 161 217
S 220
+ 221 219
< 222 226
+ 216 223
C 48 10633823966279326983230456482242756608
S 225
- 226
+ 161 225
S 228
+ 229 227
< 230 225
+ 224 231
C 53 5316911983139663491615228241121378304
S 233
- 234
+ 161 233
S 236
+ 237 235
< 238 224
+ 232 239
C 58 2658455991569831745807614120560689152
S 241
- 242
+ 161 241
S 244
+ 245 243
< 246 223
+ 240 247
C 63 1329227995784915872903807060280344576
S 249
- 250
+ 161 249
S 252
+ 253 251
< 254 222
+ 248 255
C 68 664613997892457936451903530140172288
S 257
- 258
+ 161 257
S 260
+ 261 259
< 262 221
+ 256 263
C 73 332306998946228968225951765070086144
S 265
- 266
+ 161 265
S 268
+ 269 267
< 270 220
+ 264 271
C 78 166153499473114484112975882535043072
S 273
- 274
+ 161 273
S 276
+ 277 275
< 278 219
+ 272 279
C 83 83076749736557242056487941267521536
S 281
- 282
+ 161 281
S 284
+ 285 283
< 286 218
+ 280 287
C 88 41538374868278621028243970633760768
S 289
- 290
+ 161 289
S 292
+ 293 291
< 294 217
+ 288 295
C 93 20769187434139310514121985316880384
S 297
- 298
+ 161 297
S 300
+ 301 299
< 302 216
+ 296 303
C 98 10384593717069655257060992658440192
S 305
- 306
+ 161 305
S 308
+ 309 307
< 310 215
+ 304 311
C 103 5192296858534827628530496329220096
S 313
- 314
+ 161 313
S 316
+ 317 315
< 318 214
+ 312 319
C 108 2596148429267413814265248164610048
S 321
- 322
+ 161 321
S 324
+ 325 323
< 326 213
+ 320 327
C 113 1298074214633706907132624082305024
S 329
- 330
+ 161 329
S 332
+ 333 331
< 334 212
+ 328 335
C 118 649037107316853453566312041152512
S 337
- 338
+ 161 337
S 340
+ 341 339
< 342 211
+ 336 343
C 123 324518553658426726783156020576256
S 345
- 346
+ 161 345
S 348
+ 349 347
< 350 210
+ 344 351
C 128 162259276829213363391578010288128
S 353
- 354
+ 161 353
S 356
+ 357 355
< 358 209
+ 352 359
C 133 81129638414606681695789005144064
S 361
- 362
+ 161 361
S 364
+ 365 363
< 366 208
+ 360 367
C 138 40564819207303340847894502572032
S 369
- 370
+ 161 369
S 372
+ 373 371
< 374 207
+ 368 375
C 143 20282409603651670423947251286016
S 377
- 378
+ 161 377
S 380
+ 381 379
< 382 206
+ 376 383
C 148 10141204801825835211973625643008
S 385
- 386
+ 161 385
S 388
+ 389 387
< 390 205
+ 384 391
C 153 5070602400912917605986812821504
S 393
- 394
+ 161 393
S 396
+ 397 395
< 398 204
+ 392 399
C 158 2535301200456458802993406410752
S 401
- 402
+ 161 401
S 404
+ 405 403
< 406 203
+ 400 407
C 160 1267650600228229401496703205376
S 409
- 410
+ 161 409
S 412
+ 413 411
< 414 202
+ 408 415
< 416 100
> 3 200
- 3
< 419 163
+ 417 420
C 421 1237940039285380274899124224
S 422
- 423
C 424 1
< 425 500
< 423 63
S 426
- 428
+ 426 418
S 430
+ 431 429
< 432 365
- 433
+ 417 434
- 3
< 436 162
+ 435 437
C 438 1237940039285380274899124224
S 439
- 440
C 441 1
< 442 500
< 440 62
+ 427 444
S 443
- 446
+ 443 418
S 448
+ 449 447
< 450 364
- 451
+ 435 452
- 3
< 454 161
+ 453 455
C 456 1237940039285380274899124224
S 457
- 458
C 459 1
< 460 500
< 458 61
+ 445 462
S 461
- 464
+ 461 418
S 466
+ 467 465
< 468 363
- 469
+ 453 470
- 3
< 472 160
+ 471 473
C 474 1237940039285380274899124224
S 475
- 476
C 477 1
< 478 500
< 476 60
+ 463 480
S 479
- 482
+ 479 418
S 484
+ 485 483
< 486 362
- 487
+ 471 488
- 3
< 490 159
+ 489 491
C 492 1237940039285380274899124224
S 493
- 494
C 495 1
< 496 500
< 494 59
+ 481 498
S 497
- 500
+ 497 418
S 502
+ 503 501
< 504 361
- 505
+ 489 506
- 3
< 508 158
+ 507 509
C 510 1237940039285380274899124224
S 511
- 512
C 513 1
< 514 500
< 512 58
+ 499 516
S 515
- 518
+ 515 418
S 520
+ 521 519
< 522 360
- 523
+ 507 524
- 3
< 526 157
+ 525 527
C 528 1237940039285380274899124224
S 529
- 530
C 531 1
< 532 500
< 530 57
+ 517 534
S 533
- 536
+ 533 418
S 538
+ 539 537
< 540 359
- 541
+ 525 542
- 3
< 544 156
+ 543 545
C 546 1237940039285380274899124224
S 547
- 548
C 549 1
< 550 500
< 548 56
+ 535 552
S 551
- 554
+ 551 418
S 556
+ 557 555
< 558 358
- 559
+ 543 560
- 3
< 562 155
+ 561 563
C 564 1237940039285380274899124224
S 565
- 566
C 567 1
< 568 500
< 566 55
+ 553 570
S 569
- 572
+ 569 418
S 574
+ 575 573
< 576 357
- 577
+ 561 578
- 3
< 580 154
+ 579 581
C 582 1237940039285380274899124224
S 583
- 584
C 585 1
< 586 500
< 584 54
+ 571 588
S 587
- 590
+ 587 418
S 592
+ 593 591
< 594 356
- 595
+ 579 596
- 3
< 598 153
+ 597 599
C 600 1237940039285380274899124224
S 601
- 602
C 603 1
< 604 500
< 602 53
+ 589 606
S 605
- 608
+ 605 418
S 610
+ 611 609
< 612 355
- 613
+ 597 614
- 3
< 616 152
+ 615 617
C 618 1237940039285380274899124224
S 619
- 620
C 621 1
< 622 500
< 620 52
+ 607 624
S 623
- 626
+ 623 418
S 628
+ 629 627
< 630 354
- 631
+ 615 632
- 3
< 634 151
+ 633 635
C 636 1237940039285380274899124224
S 637
- 638
C 639 1
< 640 500
< 638 51
+ 625 642
S 641
- 644
+ 641 418
S 646
+ 647 645
< 648 353
- 649
+ 633 650
- 3
< 652 150
+ 651 653
C 654 1237940039285380274899124224
S 655
- 656
C 657 1
< 658 500
< 656 50
+ 643 660
S 659
- 662
+ 659 418
S 664
+ 665 663
< 666 352
- 667
+ 651 668
- 3
< 670 149
+ 669 671
C 672 1237940039285380274899124224
S 673
- 674
C 675 1
< 676 500
< 674 49
+ 661 678
S 677
- 680
+ 677 418
S 682
+ 683 681
< 684 351
- 685
+ 669 686
- 3
< 688 148
+ 687 689
C 690 1237940039285380274899124224
S 691
- 692
C 693 1
< 694 500
< 692 48
+ 679 696
S 695
- 698
+ 695 418
S 700
+ 701 699
< 702 350
- 703
+ 687 704
- 3
< 706 147
+ 705 707
C 708 1237940039285380274899124224
S 709
- 710
C 711 1
< 712 500
< 710 47
+ 697 714
S 713
- 716
+ 713 418
S 718
+ 719 717
< 720 349
- 721
+ 705 722
- 3
< 724 146
+ 723 725
C 726 1237940039285380274899124224
S 727
- 728
C 729 1
< 730 500
< 728 46
+ 715 732
S 731
- 734
+ 731 418
S 736
+ 737 735
< 738 348
- 739
+ 723 740
- 3
< 742 145
+ 741 743
C 744 1237940039285380274899124224
S 745
- 746
C 747 1
< 748 500
< 746 45
+ 733 750
S 749
- 752
+ 749 418
S 754
+ 755 753
< 756 347
- 757
+ 741 758
- 3
< 760 144
+ 759 761
C 762 1237940039285380274899124224
S 763
- 764
C 765 1
< 766 500
< 764 44
+ 751 768
S 767
- 770
+ 767 418
S 772
+ 773 771
< 774 346
- 775
+ 759 776
- 3
< 778 143
+ 777 779
C 780 1237940039285380274899124224
S 781
- 782
C 783 1
< 784 500
< 782 43
+ 769 786
S 785
- 788
+ 785 418
S 790
+ 791 789
< 792 345
- 793
+ 777 794
- 3
< 796 142
+ 795 797
C 798 1237940039285380274899124224
S 799
- 800
C 801 1
< 802 500
< 800 42
+ 787 804
S 803
- 806
+ 803 418
S 808
+ 809 807
< 810 344
- 811
+ 795 812
- 3
< 814 141
+ 813 815
C 816 1237940039285380274899124224
S 817
- 818
C 819 1
< 820 500
< 818 41
+ 805 822
S 821
- 824
+ 821 418
S 826
+ 827 825
< 828 343
- 829
+ 813 830
- 3
< 832 140
+ 831 833
C 834 1237940039285380274899124224
S 835
- 836
C 837 1
< 838 500
< 836 40
+ 823 840
S 839
- 842
+ 839 418
S 844
+ 845 843
< 846 342
- 847
+ 831 848
- 3
< 850 139
+ 849 851
C 852 1237940039285380274899124224
S 853
- 854
C 855 1
< 856 500
< 854 39
+ 841 858
S 857
- 860
+ 857 418
S 862
+ 863 861
< 864 341
- 865
+ 849 866
- 3
< 868 138
+ 867 869
C 870 1237940039285380274899124224
S 871
- 872
C 873 1
< 874 500
< 872 38
+ 859 876
S 875
- 878
+ 875 418
S 880
+ 881 879
< 882 340
- 883
+ 867 884
- 3
< 886 137
+ 885 887
C 888 1237940039285380274899124224
S 889
- 890
C 891 1
< 892 500
< 890 37
+ 877 894
S 893
- 896
+ 893 418
S 898
+ 899 897
< 900 339
- 901
+ 885 902
- 3
< 904 136
+ 903 905
C 906 1237940039285380274899124224
S 907
- 908
C 909 1
< 910 500
< 908 36
+ 895 912
S 911
- 914
+ 911 418
S 916
+ 917 915
< 918 338
- 919
+ 903 920
- 3
< 922 135
+ 921 923
C 924 1237940039285380274899124224
S 925
- 926
C 927 1
< 928 500
< 926 35
+ 913 930
S 929
- 932
+ 929 418
S 934
+ 935 933
< 936 337
- 937
+ 921 938
- 3
< 940 134
+ 939 941
C 942 1237940039285380274899124224
S 943
- 944
C 945 1
< 946 500
< 944 34
+ 931 948
S 947
- 950
+ 947 418
S 952
+ 953 951
< 954 336
- 955
+ 939 956
- 3
< 958 133
+ 957 959
C 960 1237940039285380274899124224
S 961
- 962
C 963 1
< 964 500
< 962 33
+ 949 966
S 965
- 968
+ 965 418
S 970
+ 971 969
< 972 335
- 973
+ 957 974
- 3
< 976 132
+ 975 977
C 978 1237940039285380274899124224
S 979
- 980
C 981 1
< 982 500
< 980 32
+ 967 984
S 983
- 986
+ 983 418
S 988
+ 989 987
< 990 334
- 991
+ 975 992
- 3
< 994 131
+ 993 995
C 996 1237940039285380274899124224
S 997
- 998
C 999 1
< 1000 500
< 998 31
+ 985 1002
S 1001
- 1004
+ 1001 418
S 1006
+ 1007 1005
< 1008 333
- 1009
+ 993 1010
- 3
< 1012 130
+ 1011 1013
C 1014 1237940039285380274899124224
S 1015
- 1016
C 1017 1
< 1018 500
< 1016 30
+ 1003 1020
S 1019
- 1022
+ 1019 418
S 1024
+ 1025 1023
< 1026 332
- 1027
+ 1011 1028
- 3
< 1030 129
+ 1029 1031
C 1032 1237940039285380274899124224
S 1033
- 1034
C 1035 1
< 1036 500
< 1034 29
+ 1021 1038
S 1037
- 1040
+ 1037 418
S 1042
+ 1043 1041
< 1044 331
- 1045
+ 1029 1046
- 3
< 1048 128
+ 1047 1049
C 1050 1237940039285380274899124224
S 1051
- 1052
C 1053 1
< 1054 500
< 1052 28
+ 1039 1056
S 1055
- 1058
+ 1055 418
S 1060
+ 1061 1059
< 1062 330
- 1063
+ 1047 1064
- 3
< 1066 127
+ 1065 1067
C 1068 1237940039285380274899124224
S 1069
- 1070
C 1071 1
< 1072 500
< 1070 27
+ 1057 1074
S 1073
- 1076
+ 1073 418
S 1078
+ 1079 1077
< 1080 329
- 1081
+ 1065 1082
- 3
< 1084 126
+ 1083 1085
C 1086 1237940039285380274899124224
S 1087
- 1088
C 1089 1
< 1090 500
< 1088 26
+ 1075 1092
S 1091
- 1094
+ 1091 418
S 1096
+ 1097 1095
< 1098 328
- 1099
+ 1083 1100
- 3
< 1102 125
+ 1101 1103
C 1104 1237940039285380274899124224
S 1105
- 1106
C 1107 1
< 1108 500
< 1106 25
+ 1093 1110
S 1109
- 1112
+ 1109 418
S 1114
+ 1115 1113
< 1116 327
- 1117
+ 1101 1118
- 3
< 1120 124
+ 1119 1121
C 1122 1237940039285380274899124224
S 1123
- 1124
C 1125 1
< 1126 500
< 1124 24
+ 1111 1128
S 1127
- 1130
+ 1127 418
S 1132
+ 1133 1131
< 1134 326
- 1135
+ 1119 1136
- 3
< 1138 123
+ 1137 1139
C 1140 1237940039285380274899124224
S 1141
- 1142
C 1143 1
< 1144 500
< 1142 23
+ 1129 1146
S 1145
- 1148
+ 1145 418
S 1150
+ 1151 1149
< 1152 325
- 1153
+ 1137 1154
- 3
< 1156 122
+ 1155 1157
C 1158 1237940039285380274899124224
S 1159
- 1160
C 1161 1
< 1162 500
< 1160 22
+ 1147 1164
S 1163
- 1166
+ 1163 418
S 1168
+ 1169 1167
< 1170 324
- 1171
+ 1155 1172
- 3
< 1174 121
+ 1173 1175
C 1176 1237940039285380274899124224
S 1177
- 1178
C 1179 1
< 1180 500
< 1178 21
+ 1165 1182
S 1181
- 1184
+ 1181 418
S 1186
+ 1187 1185
< 1188 323
- 1189
+ 1173 1190
- 3
< 1192 120
+ 1191 1193
C 1194 1237940039285380274899124224
S 1195
- 1196
C 1197 1
< 1198 500
< 1196 20
+ 1183 1200
S 1199
- 1202
+ 1199 418
S 1204
+ 1205 1203
< 1206 322
- 1207
+ 1191 1208
- 3
< 1210 119
+ 1209 1211
C 1212 1237940039285380274899124224
S 1213
- 1214
C 1215 1
< 1216 500
< 1214 19
+ 1201 1218
S 1217
- 1220
+ 1217 418
S 1222
+ 1223 1221
< 1224 321
- 1225
+ 1209 1226
- 3
< 1228 118
+ 1227 1229
C 1230 1237940039285380274899124224
S 1231
- 1232
C 1233 1
< 1234 500
< 1232 18
+ 1219 1236
S 1235
- 1238
+ 1235 418
S 1240
+ 1241 1239
< 1242 320
- 1243
+ 1227 1244
- 3
< 1246 117
+ 1245 1247
C 1248 1237940039285380274899124224
S 1249
- 1250
C 1251 1
< 1252 500
< 1250 17
+ 1237 1254
S 1253
- 1256
+ 1253 418
S 1258
+ 1259 1257
< 1260 319
- 1261
+ 1245 1262
- 3
< 1264 116
+ 1263 1265
C 1266 1237940039285380274899124224
S 1267
- 1268
C 1269 1
< 1270 500
< 1268 16
+ 1255 1272
S 1271
- 1274
+ 1271 418
S 1276
+ 1277 1275
< 1278 318
- 1279
+ 1263 1280
- 3
< 1282 115
+ 1281 1283
C 1284 1237940039285380274899124224
S 1285
- 1286
C 1287 1
< 1288 500
< 1286 15
+ 1273 1290
S 1289
- 1292
+ 1289 418
S 1294
+ 1295 1293
< 1296 317
- 1297
+ 1281 1298
- 3
< 1300 114
+ 1299 1301
C 1302 1237940039285380274899124224
S 1303
- 1304
C 1305 1
< 1306 500
< 1304 14
+ 1291 1308
S 1307
- 1310
+ 1307 418
S 1312
+ 1313 1311
< 1314 316
- 1315
+ 1299 1316
- 3
< 1318 113
+ 1317 1319
C 1320 1237940039285380274899124224
S 1321
- 1322
C 1323 1
< 1324 500
< 1322 13
+ 1309 1326
S 1325
- 1328
+ 1325 418
S 1330
+ 1331 1329
< 1332 315
- 1333
+ 1317 1334
- 3
< 1336 112
+ 1335 1337
C 1338 1237940039285380274899124224
S 1339
- 1340
C 1341 1
< 1342 500
< 1340 12
+ 1327 1344
S 1343
- 1346
+ 1343 418
S 1348
+ 1349 1347
< 1350 314
- 1351
+ 1335 1352
- 3
< 1354 111
+ 1353 1355
C 1356 1237940039285380274899124224
S 1357
- 1358
C 1359 1
< 1360 500
< 1358 11
+ 1345 1362
S 1361
- 1364
+ 1361 418
S 1366
+ 1367 1365
< 1368 313
- 1369
+ 1353 1370
- 3
< 1372 110
+ 1371 1373
C 1374 1237940039285380274899124224
S 1375
- 1376
C 1377 1
< 1378 500
< 1376 10
+ 1363 1380
S 1379
- 1382
+ 1379 418
S 1384
+ 1385 1383
< 1386 312
- 1387
+ 1371 1388
- 3
< 1390 109
+ 1389 1391
C 1392 1237940039285380274899124224
S 1393
- 1394
C 1395 1
< 1396 500
< 1394 9
+ 1381 1398
S 1397
- 1400
+ 1397 418
S 1402
+ 1403 1401
< 1404 311
- 1405
+ 1389 1406
- 3
< 1408 108
+ 1407 1409
C 1410 1237940039285380274899124224
S 1411
- 1412
C 1413 1
< 1414 500
< 1412 8
+ 1399 1416
S 1415
- 1418
+ 1415 418
S 1420
+ 1421 1419
< 1422 310
- 1423
+ 1407 1424
- 3
< 1426 107
+ 1425 1427
C 1428 1237940039285380274899124224
S 1429
- 1430
C 1431 1
< 1432 500
< 1430 7
+ 1417 1434
S 1433
- 1436
+ 1433 418
S 1438
+ 1439 1437
< 1440 309
- 1441
+ 1425 1442
- 3
< 1444 106
+ 1443 1445
C 1446 1237940039285380274899124224
S 1447
- 1448
C 1449 1
< 1450 500
< 1448 6
+ 1435 1452
S 1451
- 1454
+ 1451 418
S 1456
+ 1457 1455
< 1458 308
- 1459
+ 1443 1460
- 3
< 1462 105
+ 1461 1463
C 1464 1237940039285380274899124224
S 1465
- 1466
C 1467 1
< 1468 500
< 1466 5
+ 1453 1470
S 1469
- 1472
+ 1469 418
S 1474
+ 1475 1473
< 1476 307
- 1477
+ 1461 1478
- 3
< 1480 104
+ 1479 1481
C 1482 1237940039285380274899124224
S 1483
- 1484
C 1485 1
< 1486 500
< 1484 4
+ 1471 1488
S 1487
- 1490
+ 1487 418
S 1492
+ 1493 1491
< 1494 306
- 1495
+ 1479 1496
- 3
< 1498 103
+ 1497 1499
C 1500 1237940039285380274899124224
S 1501
- 1502
C 1503 1
< 1504 500
< 1502 3
+ 1489 1506
S 1505
- 1508
+ 1505 418
S 1510
+ 1511 1509
< 1512 305
- 1513
+ 1497 1514
- 3
< 1516 102
+ 1515 1517
C 1518 1237940039285380274899124224
S 1519
- 1520
C 1521 1
< 1522 500
< 1520 2
+ 1507 1524
S 1523
- 1526
+ 1523 418
S 1528
+ 1529 1527
< 1530 304
- 1531
+ 1515 1532
- 3
< 1534 101
+ 1533 1535
C 1536 1237940039285380274899124224
S 1537
- 1538
C 1539 1
< 1540 500
< 1538 1
+ 1525 1542
S 1541
- 1544
+ 1541 418
S 1546
+ 1547 1545
< 1548 303
- 1549
+ 1533 1550
- 3
< 1552 100
+ 1551 1553
C 1554 1237940039285380274899124224
S 1555
+ 1543 1556
< 3 100
C 1558 -2722258935367507707706996859454145691648
S 1559
- 1560
< 1561 131
+ 1558 1562
C 1563 -1361129467683753853853498429727072845824
S 1564
- 1565
< 1566 130
+ 1563 1567
C 1568 -680564733841876926926749214863536422912
S 1569
- 1570
< 1571 129
+ 1568 1572
C 1573 -340282366920938463463374607431768211456
S 1574
- 1575
< 1576 128
+ 1573 1577
C 1578 -170141183460469231731687303715884105728
S 1579
- 1580
< 1581 127
+ 1578 1582
C 1583 -85070591730234615865843651857942052864
S 1584
- 1585
< 1586 126
+ 1583 1587
C 1588 -42535295865117307932921825928971026432
S 1589
- 1590
< 1591 125
+ 1588 1592
C 1593 -21267647932558653966460912964485513216
S 1594
- 1595
< 1596 124
+ 1593 1597
C 1598 -10633823966279326983230456482242756608
S 1599
- 1600
< 1601 123
+ 1598 1602
C 1603 -5316911983139663491615228241121378304
S 1604
- 1605
< 1606 122
+ 1603 1607
C 1608 -2658455991569831745807614120560689152
S 1609
- 1610
< 1611 121
+ 1608 1612
C 1613 -1329227995784915872903807060280344576
S 1614
- 1615
< 1616 120
+ 1613 1617
C 1618 -664613997892457936451903530140172288
S 1619
- 1620
< 1621 119
+ 1618 1622
C 1623 -332306998946228968225951765070086144
S 1624
- 1625
< 1626 118
+ 1623 1627
C 1628 -166153499473114484112975882535043072
S 1629
- 1630
< 1631 117
+ 1628 1632
C 1633 -83076749736557242056487941267521536
S 1634
- 1635
< 1636 116
+ 1633 1637
C 1638 -41538374868278621028243970633760768
S 1639
- 1640
< 1641 115
+ 1638 1642
C 1643 -20769187434139310514121985316880384
S 1644
- 1645
< 1646 114
+ 1643 1647
C 1648 -10384593717069654104139488051593216
S 1649
- 1650
< 1651 113
+ 1648 1652
C 1653 -5192296858534826475608991722373120
S 1654
- 1655
< 1656 112
+ 1653 1657
C 1658 -2596148429267412661343743557763072
S 1659
- 1660
< 1661 111
+ 1658 1662
C 1663 -1298074214633705754211119475458048
S 1664
- 1665
< 1666 110
+ 1663 1667
C 1668 -649037107316852300644807434305536
S 1669
- 1670
< 1671 109
+ 1668 1672
C 1673 -324518553658425573861651413729280
S 1674
- 1675
< 1676 108
+ 1673 1677
C 1678 -162259276829212210470073403441152
S 1679
- 1680
< 1681 107
+ 1678 1682
C 1683 -81129638414605528774284398297088
S 1684
- 1685
< 1686 106
+ 1683 1687
C 1688 -40564819207302187926389895725056
S 1689
- 1690
< 1691 105
+ 1688 1692
C 1693 -20282409603650517502442644439040
S 1694
- 1695
< 1696 104
+ 1693 1697
C 1698 -10141204801824682290469018796032
S 1699
- 1700
< 1701 103
+ 1698 1702
C 1703 -5070602400911764684482205974528
S 1704
- 1705
< 1706 102
+ 1703 1707
C 1708 -2535301200455305881488799563776
S 1709
- 1710
< 1711 101
+ 1708 1712
- 1713
> 1557 200
C 1562 2722258935367507707706996859454145691648
S 1716
- 1717
+ 1715 1716
S 1719
+ 1720 1718
< 1721 233
C 1567 1361129467683753853853498429727072845824
S 1723
- 1724
+ 1715 1723
S 1726
+ 1727 1725
< 1728 232
+ 1722 1729
C 1572 680564733841876926926749214863536422912
S 1731
- 1732
+ 1715 1731
S 1734
+ 1735 1733
< 1736 231
+ 1730 1737
C 1577 340282366920938463463374607431768211456
S 1739
- 1740
+ 1715 1739
S 1742
+ 1743 1741
< 1744 230
+ 1738 1745
C 1582 170141183460469231731687303715884105728
S 1747
- 1748
+ 1715 1747
S 1750
+ 1751 1749
< 1752 229
+ 1746 1753
C 1587 85070591730234615865843651857942052864
S 1755
- 1756
+ 1715 1755
S 1758
+ 1759 1757
< 1760 228
+ 1754 1761
C 1592 42535295865117307932921825928971026432
S 1763
- 1764
+ 1715 1763
S 1766
+ 1767 1765
< 1768 227
+ 1762 1769
C 1597 21267647932558653966460912964485513216
S 1771
- 1772
+ 1715 1771
S 1774
+ 1775 1773
< 1776 226
+ 1770 1777
C 1602 10633823966279326983230456482242756608
S 1779
- 1780
+ 1715 1779
S 1782
+ 1783 1781
< 1784 225
+ 1778 1785
C 1607 5316911983139663491615228241121378304
S 1787
- 1788
+ 1715 1787
S 1790
+ 1791 1789
< 1792 224
+ 1786 1793
C 1612 2658455991569831745807614120560689152
S 1795
- 1796
+ 1715 1795
S 1798
+ 1799 1797
< 1800 223
+ 1794 1801
C 1617 1329227995784915872903807060280344576
S 1803
- 1804
+ 1715 1803
S 1806
+ 1807 1805
< 1808 222
+ 1802 1809
C 1622 664613997892457936451903530140172288
S 1811
- 1812
+ 1715 1811
S 1814
+ 1815 1813
< 1816 221
+ 1810 1817
C 1627 332306998946228968225951765070086144
S 1819
- 1820
+ 1715 1819
S 1822
+ 1823 1821
< 1824 220
+ 1818 1825
C 1632 166153499473114484112975882535043072
S 1827
- 1828
+ 1715 1827
S 1830
+ 1831 1829
< 1832 219
+ 1826 1833
C 1637 83076749736557242056487941267521536
S 1835
- 1836
+ 1715 1835
S 1838
+ 1839 1837
< 1840 218
+ 1834 1841
C 1642 41538374868278621028243970633760768
S 1843
- 1844
+ 1715 1843
S 1846
+ 1847 1845
< 1848 217
+ 1842 1849
C 1647 20769187434139310514121985316880384
S 1851
- 1852
+ 1715 1851
S 1854
+ 1855 1853
< 1856 216
+ 1850 1857
C 1652 10384593717069655257060992658440192
S 1859
- 1860
+ 1715 1859
S 1862
+ 1863 1861
< 1864 215
+ 1858 1865
C 1657 5192296858534827628530496329220096
S 1867
- 1868
+ 1715 1867
S 1870
+ 1871 1869
< 1872 214
+ 1866 1873
C 1662 2596148429267413814265248164610048
S 1875
- 1876
+ 1715 1875
S 1878
+ 1879 1877
< 1880 213
+ 1874 1881
C 1667 1298074214633706907132624082305024
S 1883
- 1884
+ 1715 1883
S 1886
+ 1887 1885
< 1888 212
+ 1882 1889
C 1672 649037107316853453566312041152512
S 1891
- 1892
+ 1715 1891
S 1894
+ 1895 1893
< 1896 211
+ 1890 1897
C 1677 324518553658426726783156020576256
S 1899
- 1900
+ 1715 1899
S 1902
+ 1903 1901
< 1904 210
+ 1898 1905
C 1682 162259276829213363391578010288128
S 1907
- 1908
+ 1715 1907
S 1910
+ 1911 1909
< 1912 209
+ 1906 1913
C 1687 81129638414606681695789005144064
S 1915
- 1916
+ 1715 1915
S 1918
+ 1919 1917
< 1920 208
+ 1914 1921
C 1692 40564819207303340847894502572032
S 1923
- 1924
+ 1715 1923
S 1926
+ 1927 1925
< 1928 207
+ 1922 1929
C 1697 20282409603651670423947251286016
S 1931
- 1932
+ 1715 1931
S 1934
+ 1935 1933
< 1936 206
+ 1930 1937
C 1702 10141204801825835211973625643008
S 1939
- 1940
+ 1715 1939
S 1942
+ 1943 1941
< 1944 205
+ 1938 1945
C 1707 5070602400912917605986812821504
S 1947
- 1948
+ 1715 1947
S 1950
+ 1951 1949
< 1952 204
+ 1946 1953
C 1712 2535301200456458802993406410752
S 1955
- 1956
+ 1715 1955
S 1958
+ 1959 1957
< 1960 203
+ 1954 1961
C 1714 1267650600228229401496703205376
S 1963
- 1964
+ 1715 1963
S 1966
+ 1967 1965
< 1968 202
+ 1962 1969
- 1970
+ 416 1971
O 1972
