500000004
500000004
500000004
500000004
500000004
500000004
500000004
500000004
500000004
500000004
500000004
500000004
500000004
500000004
500000004
500000004
500000004
500000004
500000004
500000004
500000004
500000004
500000004
500000004
500000004
500000004
500000004
500000004
500000004
500000004
500000004
500000004
500000004
500000004
500000004
500000004
500000004
500000004
500000004
500000004
500000004
500000004
500000004
500000004
500000004
500000004
500000004
500000004
500000004
500000004
500000004
500000004
500000004
500000004
500000004
500000004
500000004
500000004
500000004
500000004
500000004
500000004
500000004
500000004
500000004
500000004
500000004
500000004
500000004
500000004
500000004
500000004
500000004
500000004
500000004
500000004
500000004
500000004
500000004
500000004
500000004
500000004
500000004
500000004
500000004
500000004
500000004
500000004
500000004
500000004
500000004
500000004
500000004
500000004
500000004
500000004
500000004
500000004
500000004
479278570
453567594
810793201
657424209
701969575
760786842
603869818
426992145
630177571
615779817
338031944
825553859
810029287
820674384
863254772
956974233
603349808
83737787
409432400
228018437
242847250
451528888
20660621
822072367
942327208
258154110
165125964
394227481
159705889
404805167
61016954
297328582
152336572
591822133
503764686
236455536
572296846
941737072
550209048
144576495
719860350
97475654
393501170
88147650
868145388
974141786
748744841
28717636
162842937
864030892
701789057
43220099
516437958
501870941
185072915
235344755
304468535
924768415
345171692
209606565
347779150
519659814
483376798
881459614
385283171
893923485
950112962
668555226
619006815
493828665
343614885
671881587
809418664
949958665
59234875
431933447
963838392
68275819
416871900
585868774
298877793
358313687
155255520
96499327
616180122
205012971
625624862
423401868
641507116
84123298
568633540
687163404
244340977
558431931
730269500
425872922
930805552
840402779
750000006
503488155
329441423
425306278
950663982
94338237
753098822
223234046
336005681
430015892
936340448
646474310
63328141
816131982
959385579
814370130
890057521
790585408
121244748
446423208
913535698
692373552
8151266
752594744
882830663
207148292
561981015
890491804
404723611
167330528
684319452
379499624
158349929
373451916
568427132
685116135
860757362
816032938
483439130
752929846
693508862
693211117
442958032
901076876
781177304
134688500
8124994
674487303
272406486
437339142
817654797
451674815
642464700
207056356
743727132
59754460
227413188
293276601
904588486
601672973
103108505
719048549
290650203
772155887
393117233
310512668
153066338
845768208
541169689
649796615
152459594
839474440
781003785
509867508
791243108
144574858
995454856
739141248
221442585
420970464
710492079
400987850
456426253
628987896
530958389
146952126
53773415
844666461
953842869
331156437
708581125
365514680
947611696
770192942
375788152
539591798
642248150
134756636
254138004
531339791
930460320
954427145
597282427
431147426
307779851
923214240
413070080
962890378
378291756
174662338
669108011
407851599
949596902
585614192
725155138
413881037
560802723
332864320
505149835
356002223
715794324
535552531
228014143
386148205
608226809
866718361
52509157
814754560
653178251
301829570
984856616
507454522
375741726
160734128
568164073
576445856
60953442
559551376
107288044
395245398
127921174
981293015
386375678
492854982
509803253
239801935
9596093
48452005
888627689
74580333
845426340
942782892
554543049
716902205
718540507
47740194
819154159
539368133
494359827
381562261
412267817
28024346
636564424
844353480
987109320
472917031
555989745
337415017
135232308
684302184
402510341
624782451
924404927
10310258
811385585
855705996
214259263
664696303
274231539
825812255
270766114
144865766
759883036
373924926
801825495
794811565
529531068
58298732
77611292
310077035
934611373
705709619
787064999
624946858
136546042
745821272
818671423
834993642
85721600
543697269
35909285
608498205
521648852
917574284
60571251
26481789
194731850
897690501
217944243
873811947
760633839
326874144
815625834
673985061
475150578
908503661
415735296
814920484
481475334
708005720
70013011
250196464
833503785
617624914
737703913
928962828
476356747
734122332
410951482
203997948
709848249
644495782
523327818
574715951
472452241
304170470
446838548
506204634
752878566
407631026
279631134
651407018
102639126
872567133
455561751
758915438
892756033
580134847
315967496
658108031
661836016
914939756
276926144
14151057
462661304
447474505
968852428
333900589
240827368
740339535
667403147
570840571
598304933
895543359
990473850
782158361
553804300
65135900
94176698
518569032
477491350
950142739
119333069
424387340
996128616
46115391
927925238
173386639
285552473
271333336
632750919
19817123
402735083
714306872
737283911
969727719
532277084
485148960
113633398
30706981
53513375
949537435
638331969
904087122
695184090
183006748
624642220
383789416
82045368
294434157
919239235
168021337
915388204
823039156
765608156
419736031
613265976
97643209
915532534
301323815
952316945
849692879
986116020
18280707
557605946
52273249
788106178
289892066
443639601
638100010
810757392
642814510
905916402
483766614
759219355
34054902
717385282
879010914
940855786
11662053
835545353
772825651
580830298
944443362
297122666
424458363
308954434
837042261
667316225
229326029
796948472
138421417
838094657
376783853
470553274
971376366
538320185
183096020
885739585
523257189
739869482
238184538
728269711
247179639
981029713
277223293
977111909
771659602
420979142
814165519
952387817
593988925
646177425
42243984
221678266
866022365
642015231
985976507
833609723
368848229
280114250
427969085
219438813
6430612
596033716
723584848
509406837
779171050
427117116
401508090
582731105
233634734
267199629
57671638
690943184
42838382
690362155
897069741
692046313
90466530
165747524
650604320
141518392
679347714
981501474
919202154
416285959
635246262
441760796
311857524
519264805
754557538
133262587
812747948
513635609
791203688
915306846
838905067
548246296
644056400
252384077
734952746
104954456
784339044
24988058
974341428
675707436
894093228
489140585
32616526
734142768
681003739
616734585
995062221
150774028
352205230
750382911
73301662
299063359
807698144
565657776
278550676
221660810
800018888
63520374
605048934
15391671
74968265
173635766
609067671
925921474
249516897
125863084
194241286
943099270
462452825
257880199
728026810
159138908
32143757
6560849
986021565
268467505
148964254
94908898
645369990
388060087
873624626
535098730
90094723
624214237
687645828
337411885
291240613
103987018
922126788
873907394
629686633
224949365
333282451
477780546
213615543
227245174
449765511
648269555
694688589
234055825
308833349
276194504
909616328
117395864
996209989
846068585
420985955
337604351
537619042
871874197
900332547
715576156
853942318
434655909
357364091
152976996
728423102
864451659
369507079
491980441
422126692
711993723
580048651
145405028
990190841
496574582
533148823
833482686
476545732
696272770
483436493
386211461
346224931
293403804
578835221
852675749
479642140
114565454
529272209
339753647
732333541
982578707
586245878
55684140
703169796
510342938
836717731
752304426
12447284
856856863
560463358
596734208
389634020
766740125
141268051
602106414
238359315
396954743
41451784
555467431
621430791
294714677
567763076
324004156
595013295
793454502
635613667
709755243
410329819
542182566
135179920
885327010
413039200
39330321
587742859
801752534
854973153
721472741
750371050
91144385
723665248
671013363
253393746
77314392
357062444
602554129
995389372
991276670
854678052
363647818
71425210
597507743
573109793
574091208
668076818
5525282
120650374
144940791
12494959
906969608
151731750
278540850
744033506
208061746
13208681
273507547
626142898
92568413
749913524
283152948
546424119
90947649
166927587
618481859
755534795
944556825
113276398
520758649
373327332
264578250
882409463
114820548
65390861
573423175
250849879
784608030
239802589
912526083
920286334
314758250
919932036
562724310
853903967
111696038
455876978
319512397
584074233
782825438
728189134
640858334
577305243
600752875
208781246
297229663
782193505
574876693
31638421
48887045
132799587
89973180
992594010
949627390
639947869
915719656
391790578
773008072
114354415
707698265
828303822
24468520
478974164
498815105
451509553
505723338
823894297
2382024
55354602
753596732
875754136
886566522
704799108
156234016
846021771
601986260
967102881
432863217
478549289
551829219
272144871
449449207
557577774
89913361
334378879
963921559
788618294
55042740
362734204
131791306
657498096
414703778
841288467
483184998
337615058
834428976
140869312
359104218
841229475
974202366
169425191
297795427
377359955
417142219
417142219
