500000004
500000004
500000004
500000004
500000004
500000004
500000004
500000004
500000004
500000004
500000004
500000004
500000004
500000004
500000004
500000004
500000004
500000004
500000004
500000004
500000004
500000004
500000004
500000004
500000004
500000004
500000004
500000004
500000004
500000004
500000004
500000004
500000004
500000004
500000004
500000004
500000004
500000004
500000004
500000004
500000004
500000004
500000004
500000004
500000004
500000004
500000004
500000004
500000004
500000004
500000004
939618577
649892108
883448039
446525412
247297699
651545288
204700687
885404829
102957321
538268288
844201182
56106013
103526841
218431155
481069587
50119516
223785002
95419927
964063682
672916803
913409770
10433586
532836208
622736016
94664882
302558188
837171483
951342288
360365904
555415319
482147870
209008137
702797860
854078872
452720118
679641636
450686779
519347963
335692490
10752270
145194526
172441419
392759446
898452198
893169452
998704332
847958118
415805108
266315579
758157794
250000002
237020231
435828534
374293204
277999923
49719972
922955026
181166864
559502031
731015023
554901930
386471165
40791763
857761831
897875793
779515066
99743514
849495228
15087
463144539
574398353
852297731
671073590
429357361
686297821
900414871
472643474
321169661
119960378
708846475
499816424
435724223
945113431
714684298
923746778
325061095
502844513
412938352
740171024
838403278
137028359
478270873
111186287
226814807
506870696
694281769
13875600
39547218
201789053
450142758
386408035
46685542
322970747
853415586
582687241
120959175
460442301
905764035
953730857
667614913
277712407
211161492
207673777
59140601
882125516
189919033
961874748
824766215
201739798
587069785
985011860
890169274
626591712
286758710
967682336
844328870
710558195
715765245
297510769
805776080
234575135
57524102
912738927
775537091
397756724
416684993
84040351
798622299
256381010
373346468
381287314
337020298
180332737
448721903
948956274
371527655
162020775
110072288
14512151
799691797
656478223
117451967
127704260
614897778
301220753
400240787
350234783
833192612
252354721
439791457
562796815
426008399
768603636
713305430
201616963
580365391
152081231
664243923
306063760
840260642
185917441
801093333
81817302
285867726
831003634
467162427
57423469
918975049
21317062
645440872
544186636
32060311
233122657
836531203
709350764
479925349
22547933
882445140
495890706
362593062
225773497
440502517
888326537
149521444
767386290
411942406
943985280
967880176
669713341
832418012
309108427
805748468
462068489
284849192
806874438
9597449
708376804
637329202
737496796
196691545
861907349
657218541
134509888
231992577
759411809
549565518
424984237
705483774
474231193
329923101
877734049
426278765
275837691
26800889
436988206
743213789
204537370
926534364
217576383
141595432
225780941
417677323
456717796
989010619
4333605
641284786
192488250
903870945
73783155
232997864
850023421
552418514
430722992
36367459
688128681
223372676
439698335
300525703
442716341
845356907
286941241
211078463
919589264
369547306
520703303
797375028
13510857
10307941
23899999
228919201
466526803
320733629
119421662
552861503
708354135
480014848
645136627
265630264
335251491
177647719
565734376
151667613
483782511
647286379
795051440
655094429
757221268
869848482
885930723
481434407
743070510
721009210
573270997
792004524
107245712
669712031
370741193
979185149
961223440
59685338
807059563
875538273
18380251
516664897
889811017
735125271
800123130
499709419
673293362
622425127
509418656
704326845
923875989
2260219
538029992
235076331
934665384
444035560
717338361
819467334
878768028
9648328
133652609
986709410
500264619
273991050
652446550
723255963
185611091
815092355
929011209
44687051
49394218
103195725
371902152
334617397
110661770
649757690
277468444
786438625
988572971
549015846
600354972
287536479
748431242
602825991
486451546
5684614
629149754
706624589
765764568
191165930
394027533
704121718
710193096
815118016
389612620
932947435
303992337
84861845
959644428
150225353
270415033
163384495
661632610
403591038
582292054
140739268
626558356
126140533
632847056
138742315
984638520
177965140
466477811
609947343
30279750
854910022
758028841
308715539
540186371
121654319
755228887
382577464
481502328
70893081
489883060
510982158
845678475
289721636
488325007
790947125
464681094
929076410
993591470
94973348
214406641
647471694
621289338
794176159
609650774
59298220
682696404
733797414
524011687
374195676
378213428
355286394
352432988
934787404
262361756
101184741
513060353
10057435
385845404
195701606
281039573
720842341
752006148
12769208
988319227
595044961
126971281
113995358
594646535
628987253
604952126
177824540
814312931
658600583
428618673
532749934
851647987
61859303
592095352
329580199
816719625
372182742
112266118
479981666
499171738
328905408
321881831
342213947
708389922
228614455
280024002
737731613
572618955
685671246
873620818
762830839
999811984
92172817
675085270
364457922
84109082
301856989
429578482
85183184
782741358
79278651
208550470
80541335
582175035
992422309
978809501
43468473
507274984
233938939
354154829
368721336
865970313
58290743
89382019
20577725
707806254
149237885
902081466
952961867
342810595
194308672
995666725
670201880
853172791
296393553
833299148
451694582
416666120
345131614
284805272
135082519
23820601
897770523
947400387
26932027
823648290
871884228
896945218
232414181
554612613
850880299
8531253
157837038
402512208
763376990
197088061
264782237
903757449
245835203
237531242
92767727
674540871
296656336
455102063
119633990
942188267
804093513
638220015
413758049
606416236
757144184
737280818
531281222
163500084
425262857
570410988
108460924
776702162
298040551
989447099
548907695
885392219
794879840
703838275
307492297
762220691
877404911
545697871
268590197
74409283
977318833
977318833
