500000004
500000004
500000004
500000004
500000004
500000004
500000004
500000004
500000004
500000004
500000004
500000004
500000004
500000004
500000004
500000004
500000004
500000004
500000004
500000004
500000004
500000004
500000004
500000004
500000004
500000004
500000004
500000004
500000004
500000004
500000004
500000004
500000004
500000004
500000004
500000004
500000004
500000004
500000004
500000004
500000004
500000004
500000004
500000004
500000004
500000004
500000004
500000004
500000004
500000004
500000004
500000004
500000004
500000004
500000004
500000004
500000004
500000004
500000004
500000004
500000004
500000004
500000004
500000004
500000004
500000004
500000004
500000004
500000004
500000004
500000004
500000004
500000004
500000004
500000004
500000004
500000004
500000004
500000004
500000004
500000004
500000004
500000004
500000004
500000004
500000004
500000004
500000004
500000004
500000004
500000004
500000004
500000004
500000004
500000004
500000004
500000004
500000004
500000004
500000004
500000004
500000004
500000004
500000004
500000004
500000004
500000004
500000004
500000004
500000004
500000004
500000004
500000004
500000004
500000004
500000004
500000004
500000004
500000004
500000004
500000004
500000004
500000004
500000004
500000004
500000004
500000004
500000004
500000004
500000004
500000004
500000004
500000004
500000004
500000004
500000004
500000004
500000004
500000004
500000004
500000004
500000004
500000004
500000004
500000004
500000004
500000004
500000004
500000004
500000004
500000004
500000004
500000004
500000004
500000004
500000004
500000004
500000004
500000004
500000004
500000004
500000004
500000004
500000004
500000004
500000004
500000004
500000004
500000004
500000004
500000004
500000004
500000004
500000004
500000004
500000004
500000004
500000004
500000004
500000004
500000004
500000004
500000004
500000004
500000004
500000004
500000004
500000004
500000004
500000004
500000004
500000004
500000004
500000004
500000004
500000004
500000004
500000004
500000004
500000004
500000004
500000004
500000004
500000004
500000004
500000004
500000004
500000004
500000004
500000004
500000004
500000004
500000004
500000004
500000004
500000004
500000004
500000004
500000004
500000004
500000004
500000004
500000004
500000004
500000004
500000004
500000004
500000004
500000004
500000004
500000004
500000004
500000004
500000004
500000004
500000004
500000004
500000004
500000004
500000004
500000004
500000004
500000004
500000004
500000004
500000004
500000004
500000004
500000004
500000004
500000004
500000004
500000004
500000004
500000004
500000004
500000004
500000004
500000004
500000004
500000004
500000004
500000004
500000004
500000004
500000004
500000004
500000004
500000004
500000004
500000004
500000004
500000004
500000004
500000004
500000004
500000004
500000004
500000004
500000004
500000004
500000004
500000004
500000004
500000004
500000004
500000004
500000004
500000004
500000004
500000004
500000004
500000004
500000004
500000004
500000004
500000004
500000004
500000004
500000004
500000004
500000004
500000004
500000004
500000004
500000004
500000004
500000004
500000004
500000004
500000004
500000004
500000004
500000004
500000004
500000004
500000004
500000004
500000004
500000004
500000004
500000004
500000004
500000004
500000004
500000004
500000004
500000004
500000004
500000004
500000004
500000004
500000004
500000004
500000004
500000004
500000004
500000004
500000004
500000004
500000004
500000004
500000004
500000004
500000004
500000004
500000004
500000004
500000004
500000004
500000004
500000004
500000004
500000004
500000004
500000004
500000004
500000004
500000004
500000004
500000004
500000004
500000004
500000004
500000004
500000004
500000004
500000004
500000004
500000004
500000004
500000004
500000004
500000004
500000004
500000004
500000004
500000004
500000004
500000004
500000004
500000004
500000004
500000004
500000004
500000004
500000004
500000004
500000004
500000004
500000004
500000004
500000004
500000004
500000004
500000004
500000004
500000004
500000004
500000004
500000004
500000004
500000004
500000004
500000004
500000004
500000004
500000004
500000004
500000004
500000004
500000004
500000004
500000004
500000004
500000004
500000004
500000004
500000004
500000004
500000004
500000004
500000004
500000004
500000004
500000004
500000004
500000004
500000004
500000004
500000004
500000004
500000004
500000004
500000004
500000004
500000004
500000004
500000004
500000004
500000004
500000004
500000004
500000004
500000004
500000004
500000004
500000004
500000004
500000004
500000004
500000004
500000004
500000004
500000004
500000004
500000004
500000004
500000004
500000004
500000004
500000004
500000004
500000004
500000004
500000004
500000004
500000004
500000004
500000004
500000004
500000004
500000004
500000004
500000004
500000004
500000004
500000004
500000004
500000004
500000004
500000004
500000004
500000004
500000004
500000004
500000004
500000004
500000004
500000004
500000004
500000004
500000004
500000004
500000004
500000004
500000004
500000004
500000004
500000004
500000004
500000004
500000004
500000004
500000004
500000004
500000004
500000004
500000004
500000004
500000004
500000004
500000004
500000004
500000004
500000004
500000004
500000004
500000004
500000004
500000004
500000004
500000004
500000004
500000004
500000004
500000004
500000004
500000004
500000004
500000004
500000004
500000004
500000004
500000004
500000004
500000004
500000004
500000004
500000004
500000004
500000004
500000004
500000004
500000004
500000004
500000004
500000004
500000004
500000004
500000004
500000004
500000004
500000004
500000004
500000004
500000004
500000004
500000004
500000004
500000004
500000004
500000004
500000004
500000004
500000004
500000004
500000004
500000004
500000004
500000004
500000004
500000004
500000004
500000004
500000004
500000004
500000004
500000004
500000004
500000004
500000004
500000004
500000004
500000004
500000004
500000004
500000004
500000004
500000004
500000004
500000004
500000004
500000004
500000004
500000004
500000004
500000004
500000004
500000004
500000004
500000004
500000004
500000004
500000004
500000004
500000004
500000004
500000004
500000004
500000004
500000004
500000004
500000004
500000004
500000004
500000004
500000004
500000004
500000004
500000004
500000004
500000004
500000004
500000004
500000004
500000004
500000004
500000004
500000004
500000004
500000004
500000004
500000004
500000004
500000004
500000004
500000004
500000004
500000004
500000004
500000004
500000004
500000004
500000004
500000004
500000004
500000004
500000004
500000004
500000004
500000004
500000004
500000004
500000004
500000004
500000004
500000004
500000004
500000004
500000004
500000004
500000004
500000004
500000004
500000004
500000004
500000004
500000004
500000004
500000004
500000004
500000004
500000004
500000004
500000004
500000004
500000004
500000004
500000004
500000004
500000004
500000004
500000004
500000004
500000004
500000004
500000004
500000004
500000004
500000004
500000004
500000004
500000004
500000004
500000004
500000004
500000004
500000004
500000004
500000004
500000004
500000004
500000004
500000004
500000004
500000004
500000004
500000004
500000004
500000004
500000004
500000004
500000004
500000004
500000004
500000004
500000004
500000004
500000004
500000004
500000004
500000004
500000004
500000004
500000004
500000004
500000004
500000004
500000004
500000004
500000004
500000004
500000004
500000004
500000004
500000004
500000004
500000004
500000004
500000004
500000004
500000004
500000004
500000004
500000004
500000004
500000004
500000004
500000004
500000004
500000004
500000004
500000004
500000004
500000004
500000004
349316120
315466425
400949268
714528834
504587394
528043922
17533436
194712145
404995442
842035505
880669801
409420017
329427034
694249979
226880893
815495471
265822062
680600236
598330914
815206597
422594815
159276897
685155565
808187729
807460380
136099184
116782807
336695344
415470841
843725408
353860193
603474364
614348823
426166217
534044781
153072543
962377960
756691353
792018132
344387220
90459675
390700507
242988390
649709548
892629142
254613509
105825094
951813436
286965746
682859762
593765508
124166853
244977329
978332753
478498391
120628709
26073532
378061619
3219382
609181920
529727149
825509549
679945044
233775765
31753840
25138461
938488153
806928038
552999295
244658604
133308380
585173971
28041241
861035226
847480825
253236977
705860092
813097238
677742817
321560084
478303865
527913348
949649049
905667657
371472212
698515950
135889868
792802511
546827829
617863514
762968110
793021545
921102695
630141245
481412261
99107977
899474463
714380599
951828948
325152282
836470835
750753355
823162335
576579175
820560854
382988234
867819103
161997485
243351901
141031648
201125837
65254020
650943314
564162130
767850294
195105343
785278531
709507688
978929079
355165946
57887210
40554436
492626385
535052990
904961624
633350638
163450529
493022610
360701628
960196319
173404030
16397571
309764207
53894000
99661223
134276326
579799958
29497651
108190939
600501808
552486788
127772278
734212175
732727934
887709071
270972651
171870046
981950588
347175895
232676974
313385736
93926256
372810736
498296376
931228081
379195967
222708019
284829196
485494060
624228226
710103926
539348973
724465309
914536812
903505377
452744715
604016081
150658461
746135350
194468376
200512752
758465822
178497589
195981186
189624542
139127257
570939689
618733047
555128573
763301867
780615153
228180086
888264519
480232078
254335376
414819351
647027203
748252570
223122716
39339385
345012233
648540287
136321028
963129143
416459362
676050597
938878568
913556738
652875391
315530593
637445781
481608428
699337428
175462367
311253278
236251484
219290536
102239152
380833564
993128397
127000746
389554754
955172851
482526199
115275945
12834895
942538083
749207146
630779899
992152355
33386798
728181311
390975741
249466650
802055623
796321445
458711226
991881285
309475762
713131
591404926
920609323
294619755
375552866
618270414
808872858
572724876
353836970
11357730
669902873
224445279
928935712
256921184
388428953
163001946
710319487
59613547
402033308
222745101
296120024
553147694
48448216
854260094
825189186
5380747
776084353
158099358
47756402
991613854
962233270
841265949
236457695
465066702
13766743
341545613
698895982
298472869
8380354
743792847
620817367
541298550
593267957
366764365
294309441
600406855
332222312
709055069
619354466
289587987
636043281
247680776
391064145
352778676
462786083
76344238
94799413
323972478
713141947
779840407
842224614
549082073
517430067
379605203
88104387
221432876
735228623
260717092
818397855
284203011
810438586
153234203
48944425
170343035
455291342
861430394
25903136
631978472
612806203
761401677
851792049
724333597
372052592
551459604
753496294
55688347
95857395
291039159
101077351
495131905
145733536
329142868
626735159
449398159
267465058
424093548
36396398
782453652
500891676
301690023
979578220
300963758
851929442
772435938
965142917
242555251
787252434
436040837
682710239
631545760
336443105
523800693
798983882
285450828
996412006
973306118
265048587
220925991
454020654
128580071
98809704
675402844
21820161
594628400
898922919
634730808
650885382
324150589
240500614
349433012
93857161
983392454
110902894
540520275
481062085
503526068
412315438
491692869
624602857
37239676
179438326
823510618
513293016
351985127
268401480
916240709
924153293
465970281
728281349
217175339
522560447
257883787
922790442
128272613
97246053
634244988
366072241
386943746
670790544
816776726
367786819
685356268
456413079
579322377
658335250
889204865
623189247
566164572
968318298
223987125
953913827
975851424
516732310
90472670
614980676
317517334
818888649
977972728
819539169
844076767
727877047
497188551
107720145
880750094
771629952
138728362
418751094
91771046
652583243
72452160
525577897
266643350
353924447
491873331
798768867
931967519
648302744
864351705
662935523
459080222
722265649
290451841
604117152
999168480
464382088
593923906
41580424
271566752
880561965
125759606
845521487
866973764
102620527
922627752
37159276
10567860
118209941
218839382
735037178
231385275
307364217
743136448
957110647
234285158
864160494
896196639
364687426
323466431
260255479
804637659
293625154
595950344
293012995
185751990
896368970
541877144
881959325
923257244
402392521
584304605
436994996
642625883
906689651
738686411
153151218
577952016
937573439
913941887
293656196
482464670
937225868
95941015
344603034
579190789
500728352
304785024
465548442
324604149
32985623
624332899
727942550
104290768
498001451
542091268
513422142
779822442
743330507
399731781
807497988
444827428
981198668
609529038
609309260
124913323
11197776
565930694
892634413
11979708
40846079
129438655
746387964
38122086
299540173
251452673
695816385
958592574
796889395
605614990
583392431
350422441
738558183
518426000
122841757
899630574
24567860
225983269
678980384
167559039
612224056
970755985
444432308
257547709
660926309
364727370
149841476
833377069
529071095
106329231
846800780
94105648
118389906
646370705
354916209
657372458
674101220
376756844
797726678
992954260
437965940
46564849
782209417
639505040
950627162
806693970
586504499
48319381
616563671
680259804
441212110
810727586
912333494
903147417
983282631
601702512
941960948
942493139
84197817
471940165
490162101
207325612
52512875
276624023
676007170
887810729
245705958
792367863
158992857
314467202
385104645
366506316
48084338
848823700
573362099
63016400
246469325
554830995
485455642
330468821
44814734
653411225
71087315
194459838
154228986
868612510
758101575
212767929
301225963
276221841
776276483
452373122
536796018
644221356
370297812
676376323
315536290
824403845
76383516
820675724
204598840
380554884
938749387
545671745
338173059
433715602
103081299
984329507
45639685
754871401
823356886
378029729
745469970
516315316
338119241
52776168
43537450
801795490
575186053
994405176
812322294
737707176
495712833
491867514
289118351
613827213
541838400
556917681
264672629
784573835
292712231
534552263
603341854
103465418
627950007
277493344
582545562
277082779
585221365
353936110
648905070
215541658
125760646
430488963
552481425
612389254
755677815
870744287
679652224
224255694
290629585
408223250
754489121
469277212
792974912
249264973
178771690
229908072
739102072
413803513
344283574
59530198
421143099
904646058
527092292
636901659
914996202
691538879
557577569
803159651
602791637
160610522
273374970
129707971
840319712
446132734
538719701
162161795
64630330
612984836
844741531
382267711
278431996
221519964
997851889
491548881
688502963
634986692
962816442
808933560
243841495
121424963
416308881
523413366
501552027
656683835
348154659
605325270
152174086
811758228
82877006
160534314
286845757
804219656
333299068
733594002
158899140
713174206
988487874
903233980
479365135
166218244
519570557
389021292
843080153
200714927
962826927
160263556
142610095
198400538
57329132
167278704
508857781
618007770
799473418
125757837
393527267
231591971
738071294
507750072
324720690
975297593
884143583
19516176
880892541
111876898
193026837
737337207
494066905
721231717
67561563
389059506
524860831
339707765
996332063
156548494
456718513
239526456
432311021
192789260
609706147
317680041
679145391
822309274
564485698
818840909
316420412
540738746
77221240
31397090
466423888
366915729
244581527
600945087
562311010
692810938
719232458
426308139
173930184
760957049
40591041
642591454
413724267
68135099
523923029
475559402
410539925
567500047
276640111
694780681
899774930
747021945
166663276
508716467
358007257
495161114
684306059
246158110
151430043
297159534
938742321
391623845
734733159
746410929
206860174
233709352
558892555
769983459
584362027
476592846
626163668
248675333
412243231
257623126
946430235
453998098
128410708
796665874
773481299
463215269
976516788
724950582
235681919
629616275
895867795
28993548
28993548
