500000004
500000004
500000004
500000004
500000004
500000004
500000004
500000004
500000004
500000004
500000004
500000004
500000004
500000004
500000004
500000004
500000004
500000004
500000004
500000004
500000004
500000004
500000004
500000004
500000004
500000004
500000004
500000004
500000004
500000004
500000004
500000004
500000004
500000004
500000004
500000004
500000004
500000004
500000004
500000004
500000004
500000004
500000004
500000004
500000004
500000004
500000004
500000004
500000004
500000004
500000004
500000004
500000004
500000004
500000004
500000004
500000004
500000004
500000004
500000004
500000004
500000004
500000004
500000004
500000004
500000004
500000004
500000004
500000004
500000004
500000004
500000004
500000004
500000004
500000004
500000004
500000004
500000004
500000004
500000004
500000004
500000004
500000004
500000004
500000004
500000004
500000004
500000004
500000004
500000004
500000004
500000004
500000004
500000004
500000004
500000004
500000004
500000004
500000004
500000004
500000004
500000004
500000004
500000004
500000004
500000004
500000004
500000004
500000004
500000004
500000004
500000004
500000004
500000004
500000004
500000004
500000004
500000004
500000004
500000004
500000004
500000004
500000004
500000004
500000004
500000004
500000004
500000004
500000004
500000004
500000004
500000004
500000004
500000004
500000004
500000004
500000004
500000004
500000004
500000004
500000004
500000004
500000004
500000004
500000004
500000004
500000004
500000004
500000004
500000004
500000004
500000004
500000004
500000004
500000004
500000004
500000004
500000004
500000004
500000004
500000004
500000004
500000004
500000004
500000004
500000004
500000004
500000004
500000004
500000004
500000004
500000004
500000004
500000004
500000004
500000004
500000004
500000004
500000004
500000004
500000004
500000004
500000004
500000004
500000004
500000004
500000004
500000004
500000004
500000004
500000004
500000004
500000004
500000004
500000004
500000004
500000004
500000004
500000004
500000004
500000004
500000004
500000004
500000004
500000004
500000004
500000004
500000004
500000004
500000004
500000004
500000004
500000004
500000004
500000004
500000004
500000004
500000004
500000004
500000004
500000004
500000004
500000004
500000004
500000004
500000004
500000004
500000004
500000004
500000004
500000004
500000004
500000004
500000004
500000004
500000004
500000004
500000004
500000004
500000004
500000004
500000004
500000004
500000004
500000004
500000004
500000004
500000004
500000004
500000004
500000004
500000004
500000004
500000004
500000004
500000004
500000004
500000004
500000004
500000004
500000004
500000004
500000004
500000004
500000004
500000004
500000004
500000004
500000004
500000004
500000004
500000004
500000004
500000004
500000004
500000004
500000004
500000004
500000004
500000004
500000004
500000004
500000004
500000004
500000004
500000004
500000004
500000004
500000004
500000004
500000004
500000004
500000004
500000004
500000004
500000004
500000004
500000004
500000004
500000004
500000004
500000004
500000004
500000004
500000004
500000004
500000004
500000004
500000004
500000004
500000004
500000004
500000004
500000004
500000004
500000004
500000004
500000004
500000004
500000004
500000004
500000004
500000004
500000004
500000004
500000004
500000004
500000004
500000004
500000004
500000004
500000004
500000004
500000004
500000004
500000004
500000004
500000004
500000004
500000004
500000004
500000004
500000004
500000004
500000004
500000004
500000004
500000004
500000004
500000004
500000004
500000004
500000004
500000004
500000004
500000004
500000004
500000004
500000004
500000004
500000004
500000004
500000004
500000004
500000004
500000004
500000004
500000004
500000004
500000004
500000004
500000004
500000004
500000004
500000004
500000004
500000004
500000004
500000004
500000004
500000004
500000004
500000004
500000004
500000004
500000004
500000004
500000004
500000004
500000004
500000004
500000004
500000004
500000004
500000004
500000004
500000004
500000004
500000004
500000004
500000004
500000004
500000004
500000004
500000004
500000004
500000004
500000004
500000004
500000004
500000004
500000004
500000004
500000004
500000004
500000004
500000004
500000004
500000004
500000004
500000004
500000004
500000004
500000004
500000004
500000004
500000004
500000004
500000004
500000004
500000004
500000004
500000004
500000004
500000004
500000004
500000004
500000004
500000004
500000004
500000004
500000004
500000004
500000004
500000004
500000004
500000004
500000004
500000004
500000004
500000004
500000004
500000004
500000004
500000004
500000004
500000004
500000004
500000004
500000004
500000004
500000004
500000004
500000004
500000004
500000004
500000004
500000004
500000004
500000004
500000004
500000004
500000004
500000004
500000004
500000004
500000004
500000004
500000004
500000004
500000004
500000004
500000004
500000004
500000004
500000004
500000004
500000004
500000004
500000004
500000004
500000004
500000004
500000004
500000004
500000004
500000004
500000004
500000004
500000004
500000004
500000004
500000004
500000004
500000004
500000004
500000004
500000004
500000004
500000004
500000004
500000004
500000004
500000004
500000004
500000004
500000004
500000004
500000004
500000004
500000004
500000004
500000004
500000004
500000004
500000004
500000004
500000004
500000004
500000004
500000004
500000004
500000004
500000004
500000004
500000004
500000004
500000004
500000004
500000004
500000004
500000004
500000004
500000004
500000004
500000004
500000004
500000004
500000004
500000004
500000004
500000004
500000004
500000004
500000004
500000004
500000004
500000004
500000004
500000004
500000004
500000004
500000004
500000004
500000004
500000004
500000004
500000004
500000004
500000004
500000004
500000004
500000004
500000004
500000004
500000004
500000004
500000004
500000004
500000004
500000004
500000004
500000004
500000004
500000004
500000004
500000004
500000004
500000004
500000004
500000004
500000004
500000004
500000004
500000004
500000004
500000004
500000004
500000004
500000004
500000004
500000004
500000004
500000004
500000004
500000004
500000004
500000004
500000004
500000004
500000004
500000004
500000004
500000004
500000004
500000004
500000004
500000004
500000004
500000004
500000004
500000004
500000004
500000004
500000004
500000004
500000004
500000004
500000004
500000004
500000004
500000004
500000004
500000004
500000004
500000004
500000004
500000004
500000004
500000004
500000004
500000004
500000004
500000004
500000004
500000004
500000004
500000004
500000004
500000004
500000004
500000004
500000004
500000004
500000004
500000004
500000004
500000004
500000004
500000004
500000004
500000004
500000004
500000004
500000004
500000004
500000004
500000004
500000004
500000004
500000004
500000004
500000004
500000004
500000004
500000004
500000004
500000004
500000004
500000004
500000004
500000004
500000004
500000004
500000004
500000004
420713943
225595209
213952879
545632384
236529550
908434158
265607560
63035937
601652581
257205263
787661050
478444010
164932534
286816815
293856523
791449712
473100430
606006478
868032899
617153926
70412054
832322561
6657207
515981851
122464558
334519038
80110079
873829019
479571878
764061592
987563995
181559464
917415021
862025418
967538297
909956473
777782933
920630296
976928227
730257735
744806417
678493527
937904592
273384285
643437692
867204196
906044558
846801417
467372018
972462053
934873784
428354508
569655434
308146778
74305152
683006956
674507256
636728507
851645661
71123295
975380313
553869906
554932230
418381581
767784432
475877787
428742265
626907100
99099153
838467352
4345820
324093190
352209561
689964420
942369396
21221259
823894111
964392222
68238741
203294092
567777487
291198958
467200604
570629901
50017569
221361730
378956773
698861214
950486961
201938230
617908997
72817306
624250783
285623050
15458143
116886428
34675438
311536297
300220231
679655609
218939454
545063737
102219660
272311262
350206806
548004328
635069606
405890631
124691898
806931387
704114977
542665148
570899466
378558693
59785548
81444182
95877655
76970156
974501003
670361488
921060207
855205521
727563179
72542802
189835217
769862643
57173111
180386120
466214933
437783352
675584360
752094365
613869643
895569563
845988342
510223151
456314254
294587563
910163416
957769529
615894680
252814453
811732254
157130627
581905821
314883090
976198547
854479010
76126391
770267068
418958603
936528558
226680031
884022972
528538306
16902440
246755774
652922993
423172875
920314079
545577559
616921989
772566224
85407662
593341766
174384143
73381327
923517864
525203757
808753330
742385339
938844405
689906666
78378978
614866682
161665028
558805311
130372883
699057315
550794350
628866552
835936700
801495035
995826260
737533957
264348937
570215094
246486681
270593437
525644915
549626849
670082160
769593623
703126343
737702217
60014923
216046019
241148856
220189666
456502052
352838868
2307147
487573979
626229339
707395924
115190390
572992967
768625336
509181138
415789299
910981994
527792694
588020901
776056895
871453390
937456359
94989617
115600143
910566377
501606750
594561652
538960278
661373187
860412462
57432488
714664721
969635164
289234335
749480711
740306417
709237412
322433333
17605574
915235168
779478492
151307194
310525666
152885241
266713531
172948520
803121831
641789281
695302596
983981796
64747559
140434436
493724425
169263519
62074719
268950416
360869587
778952657
302620583
367988468
458423686
200955007
775715478
879668354
803474131
460455413
656975231
252427789
229276331
655190770
922113226
402892065
9892964
886318114
568731748
624226219
564216163
309011613
717904278
65262400
347056529
80662965
362540251
890404762
495554645
806431271
228964312
57280155
591703588
90350050
254495127
880563614
299010092
464992719
48812147
268665899
73934660
900415481
522955762
865602757
780147860
922539401
231956966
130778044
935564527
848801684
650032940
244304072
981031880
623490586
879911165
525815681
579529613
471322057
616485519
708176269
349524427
650458633
967775462
593420603
344240189
60957657
910061993
132262328
792535458
819352655
906667212
579414
622885801
987132009
497614787
385337771
719489013
357602473
924121675
447013057
788468460
991363923
826170873
435591180
605650096
550980117
568830900
608811446
596189391
396475054
303707717
553429838
912893498
361539201
249486094
807500729
2414448
669938238
749535496
842777085
796863741
432613389
320316584
770283072
860899807
699797657
7976376
619824930
800750001
795632471
129988493
257773915
276317263
910279187
179912218
972143671
303874900
866498031
886968904
984452816
455524336
393856339
903468851
490065772
237581336
134380089
74466220
706773980
996550153
75339551
298214376
734171014
407495029
67783507
708290800
194919241
75232091
967426813
594037107
945315806
829422753
793937171
989111541
781306664
790932686
25906770
284491421
58097122
769159932
759863960
965617395
951935316
266970766
849591243
467816675
635903411
818269084
688536614
216217318
715031462
280516511
286274145
934494050
843091001
426590953
920530717
437292364
971927474
667537090
694915292
214952345
514923373
6384628
588176169
771340009
16957897
662566417
200707969
745626541
814203797
34152746
764701895
567349899
576644677
662366196
87014512
807890437
720066176
146309747
23126271
993814739
710208365
600565607
548930063
140355603
35051401
573827185
520486883
695608265
790714709
729768803
937545578
575256438
998864589
242832480
88982710
914695370
471416571
862671607
543151252
100046804
939165273
342967975
874854978
933862619
128357033
416976809
570747852
90454308
110214342
709320315
815465249
132684239
207872045
721030671
467923453
475478781
594460802
788226716
981935648
428506679
610509909
102902936
725185992
963054045
4567005
346101148
702967286
69216340
966298142
545526381
533031943
486911023
501158548
849029977
196559772
660968277
651762321
251952909
253431497
518191725
550163759
312488142
707773768
793285182
554645858
488482431
478095928
679222450
638191210
551158173
365072448
690789882
991521473
466364080
749366499
51136166
423306227
504129414
61162900
560235335
475261155
629241506
233419517
57334361
122818394
44124785
306253295
233695149
312642974
651096907
453471828
45799176
929132295
99653416
654830796
153000238
836077609
315906275
503297869
188000220
124211297
84523095
36052171
202455483
552744020
347096255
473077822
259171424
165517793
218781937
960865521
274067766
97150158
764805857
364210846
767876544
415657036
21835940
872470003
733030475
102086745
956680577
634256225
609681982
808007832
13268240
391317910
442973613
689542699
205081049
888389912
422334718
209064976
524464913
268541933
611692942
491743515
15608264
854941569
904797581
271748045
460173670
888372738
527780550
974178553
407704696
673107769
533549588
689250951
805762842
189845110
303471973
363652695
767478228
17989096
184816719
430480936
486922714
76591203
82462931
538511711
473604345
420368756
739223050
225507046
520933674
232757931
206288741
858793407
573038774
979561330
572650832
632920876
921387496
374668229
582200086
709569382
513955813
66765428
387216316
881998104
35293268
304919532
463569502
808717216
355190712
540965355
585328732
113532859
231837982
140208284
585979769
88896862
136040205
678697080
640180829
212480842
385372235
808750824
634235437
470764369
181424857
507945500
504570711
784709926
143125528
219201440
711108744
633263562
354312395
529451201
477356386
816173903
499382286
239786335
786590984
48353215
674257051
291891385
640246611
265283820
796686688
448401312
169842665
310139409
793487899
989297993
679080423
535262384
771990888
544988214
17418126
604032055
238754684
886704929
621442701
96312300
924125328
533868786
409095987
964354927
83826814
619256879
979266388
503466474
988191505
646345806
88323477
905257762
419307074
157783102
480626741
41169809
88826114
227450895
714982380
306562766
36547524
810014203
892418276
389006252
912271529
696193311
997922500
971435064
938475068
978684976
819979852
557111621
789148856
561101430
873404432
958393078
694658674
346188392
309687502
170045840
566139352
117854295
677606169
829883328
653076575
539905513
618698984
556635659
706503790
63808386
77120860
9717048
873816437
865279530
888337133
922343955
862478070
667288985
333956917
344820128
90566589
857520015
807661593
537239875
164894329
675153512
418651925
546161745
556141055
476123019
125919000
328460422
205899544
805429334
970480310
335525156
339040646
929308030
906479672
469312944
443167534
578026378
680259257
326522575
927353658
483891649
58545780
62912327
180598554
346866165
187872660
560284184
392698759
912617545
61830156
462995849
862547487
50678442
565597225
383742549
301681762
380079309
202515757
35470056
490330264
75873547
297220171
693512962
936307398
22328634
117243790
811569064
891650886
997171091
142035525
533595465
933396921
448397162
79398446
501073171
950196681
207629501
958202424
699459022
142982092
334989385
182533323
209225610
142245131
609370032
412765924
176671650
211143711
722523171
214984284
8628820
866263884
945120712
601415242
355425002
597270290
422343064
918133967
381884011
636891259
838034020
888252227
183891061
970695566
856689289
517588621
30505386
936760789
604321714
537782359
793878072
122824295
964137366
544216020
154592232
349957054
900488882
361211633
469117100
222615462
745718713
624544594
677377660
994302869
104443904
576530478
481634568
732224937
294028766
727595075
440458620
714086113
146936396
267503866
94292346
275176131
804991572
192400446
197355465
699832978
699832978
