500000004
500000004
500000004
500000004
500000004
500000004
500000004
500000004
500000004
500000004
500000004
500000004
500000004
500000004
500000004
500000004
500000004
500000004
500000004
500000004
500000004
500000004
500000004
500000004
500000004
500000004
500000004
500000004
500000004
500000004
500000004
500000004
500000004
500000004
500000004
500000004
500000004
500000004
500000004
500000004
500000004
500000004
500000004
500000004
500000004
500000004
500000004
500000004
500000004
500000004
500000004
500000004
500000004
500000004
500000004
500000004
500000004
500000004
500000004
500000004
500000004
500000004
500000004
500000004
500000004
500000004
500000004
500000004
500000004
500000004
500000004
500000004
500000004
500000004
500000004
500000004
500000004
500000004
500000004
500000004
500000004
500000004
500000004
500000004
500000004
500000004
500000004
500000004
500000004
500000004
500000004
500000004
500000004
500000004
500000004
500000004
500000004
500000004
500000004
500000004
500000004
500000004
500000004
500000004
500000004
500000004
500000004
500000004
500000004
500000004
500000004
500000004
500000004
500000004
500000004
500000004
500000004
500000004
500000004
500000004
500000004
500000004
500000004
500000004
500000004
500000004
500000004
500000004
500000004
500000004
500000004
500000004
500000004
500000004
500000004
500000004
500000004
500000004
500000004
500000004
500000004
500000004
500000004
500000004
500000004
500000004
500000004
500000004
500000004
500000004
500000004
500000004
500000004
500000004
500000004
500000004
500000004
500000004
500000004
500000004
500000004
500000004
500000004
500000004
500000004
500000004
500000004
500000004
500000004
500000004
500000004
500000004
500000004
500000004
500000004
500000004
500000004
500000004
500000004
500000004
500000004
500000004
500000004
500000004
500000004
500000004
500000004
500000004
500000004
500000004
500000004
500000004
500000004
500000004
500000004
500000004
500000004
500000004
500000004
500000004
500000004
500000004
500000004
500000004
500000004
500000004
500000004
500000004
500000004
500000004
500000004
500000004
500000004
500000004
500000004
500000004
500000004
500000004
500000004
500000004
500000004
500000004
500000004
500000004
500000004
500000004
500000004
500000004
500000004
500000004
500000004
500000004
500000004
500000004
500000004
500000004
500000004
500000004
500000004
500000004
500000004
500000004
500000004
500000004
500000004
500000004
500000004
500000004
500000004
500000004
500000004
500000004
500000004
500000004
500000004
500000004
937765443
971741243
154686372
21327164
703822840
448710290
400012366
60094078
472687261
524053903
704661906
161104105
989023617
984501604
48200830
621493927
445319807
35926854
14696982
651092121
651308671
509874570
414937167
884663304
427446453
667032107
230946879
509168484
754466944
265928357
695370088
579569026
404023641
547098331
655165760
245730817
299264601
267262774
788624156
599909350
779023509
888996567
492115588
954086162
819190714
36205885
681005543
71744851
23765805
425953258
702624983
532640151
415473390
131630349
902857215
167223817
606670381
914629392
530070508
693193486
371391298
701805311
135202415
562347500
837810636
515873733
710254453
117646922
585204049
204685989
892769075
824565444
440519697
906499124
638304733
648277077
301572113
294389988
990597380
297769953
315912538
205393454
539265828
399801138
225524175
876970256
197569740
862196326
100644715
291803411
324857576
761323189
535527354
919522249
31299995
552995858
428596100
759582110
39368129
478985569
259306518
188981064
565911523
288926586
7976624
240633837
867941640
779555766
47685057
100891772
620984734
856813667
828015532
666078745
75049469
776437167
268742483
256509914
826159290
864179732
548586670
851632166
139534420
898993994
583813252
224738525
50899357
222527068
514454464
669881284
284647917
671288841
919887466
410324552
887115704
242480692
565817871
72198062
945413345
549898303
27653869
826204249
69248253
701176634
503744071
93492259
913660157
504501966
417033216
439391019
319574052
357171111
713427702
188436483
520509839
637122985
40738374
455673224
384053261
573831047
788699113
501075244
992003789
922090078
256560059
409521860
136621008
905590598
284382660
582038982
454109381
101776017
327222689
860434181
621203514
413005838
464900163
918059342
511368112
549066457
469618623
744095820
274168713
662616608
628727001
372209629
551983393
946261479
884200816
33526381
366289223
409253167
21765880
395873905
563333963
448864797
781452571
843203010
133538734
414474467
121538859
744477579
577851323
207617762
666105012
424407775
200081498
543949280
412244428
830639046
79575936
472951752
377919923
498870873
860380210
348541572
971050843
528249858
238238699
431240325
253230714
61528056
733955612
867185141
721687247
366489492
158856484
220356244
759181651
110254780
45625366
3612606
321586285
851996491
829284074
39647719
351699739
17373983
99679453
569677159
866862292
890521680
691676050
68167562
955194754
472569430
322579011
943438955
298867478
779060208
364054859
603113217
260261204
421982902
335991452
250000002
871207759
991943887
158489682
462745556
514075891
852172546
977737374
747780301
38788402
267702017
241882454
475070074
351855753
395416527
937767283
143074465
435715805
169259075
543427674
249444683
928602356
606060620
793264319
972416246
759641745
656355033
685672473
77497173
380654773
194172496
981083496
34229411
386413850
482587438
676405724
930400199
224809401
1833709
140585999
524168644
115982891
272012296
277522800
299350257
644540657
694251390
589431651
987963974
388917205
412743126
17916884
389427723
308519607
263807346
473061497
936787945
435077836
484644386
169681592
456143830
490273477
899614423
579728195
718263159
311478162
142773867
962118007
958373285
167990264
447340806
877252870
746073694
397784882
730002719
638104890
665518595
477403902
869879222
784801320
993464065
913582638
306327731
508839334
66791973
805000540
370942330
860514337
771249115
516205701
729211431
680102244
683612719
320274809
934234561
64871194
750292571
464853326
689290920
212853761
282393670
3585921
193179282
490973599
408586007
504879940
210305232
517276790
125690591
401251231
703782186
30109670
85934872
434819522
111925238
325696961
786372298
81860780
799778707
471664230
436048071
64407382
12846488
580785585
261621183
692319352
232902070
763466463
369863432
311904662
783211662
832574078
578944452
866207536
330214505
329297194
241582893
818430917
736748368
292570733
711918254
908881935
355255129
124704497
341772027
206996065
184037174
325723753
309879793
217749632
401939873
661483900
518754347
90286583
75002239
794314331
311421201
456943392
458406858
307415382
65048768
415255505
862904100
719683408
406400893
29656014
449276520
731365480
460982870
643070382
988740393
268554092
899506024
351538925
264348373
497225668
831046811
579119869
439020867
896937677
18733759
182909330
848366422
155628702
382553562
675408992
811267698
110694749
570062794
380984258
839012380
465781112
978076028
911271701
805447373
522551648
309996901
36461274
292903635
970015570
146663334
149510444
151728324
53018005
420687760
124909359
758556507
3496980
305729448
794204821
462701879
113974817
326200796
961285610
958941689
675218982
456553711
854890948
552554272
560567526
187777708
365814101
458395484
76452127
284858786
116295132
517477205
339750218
148070594
200083775
466568059
990708858
704171351
341571588
740575454
992879413
329151050
157601167
889528848
206546889
689136321
707709568
313310251
765134869
777836031
457425406
592923979
496880571
931472122
243828253
934314063
724294000
87178328
994541273
101835260
682305759
898196562
361661641
936653052
128451093
951445755
234903967
616750917
934480350
755215011
616820167
433140321
371148712
822172165
110671461
67842370
877301007
542383215
294049284
179971967
656810939
179217178
349455631
814885184
953671622
635579363
508143751
637632575
677302312
309489481
330405038
146161768
403687706
432698477
32128259
462902416
765146097
398052338
796066678
732317613
117483066
47104988
979355802
515756027
315347889
466401412
188977315
554086505
169528948
812614955
910039145
253620369
44089657
964414243
604088868
227844249
227364421
741012417
841351307
568047147
760503253
558952477
84992506
284952817
940343081
385449644
823337377
643966591
515400065
201260492
690926006
438230748
509434480
492985359
537368824
940437656
215972057
924627220
287164614
751838710
170652188
963549885
773205426
396893056
59263807
51711043
293425954
619554435
183142913
236278668
108688560
538181178
945027642
502453986
375176677
965870327
319361724
824411080
921751251
352353731
754581702
719778948
882380101
356740713
934768003
105546117
807376500
877442222
864892380
368252039
406022143
220171247
671169245
819722302
775515649
201801945
921536469
403129642
258143564
322239375
936692974
326316417
209745264
411625461
755089603
517446691
571465095
50848507
762698799
972125711
367818864
763533775
20453583
959165357
705112207
708915136
490729256
23579501
573194600
957111751
101835769
546355534
548000462
116284476
56509670
921423510
216469207
152440500
607339990
973130791
236684671
411598007
571885431
98857139
757579947
479305164
817710844
271704712
582287294
81940802
487558581
62148726
947086789
288009635
933054174
97170770
21674249
298417735
411797294
57150206
865083586
344129207
267771401
883953024
335676818
54501840
759373019
885175839
429946836
337165360
667764396
832066574
8518607
580932796
671239653
426497819
266896119
314209656
575421330
442519118
755177257
492267226
777875016
102334935
84282370
220302340
758046696
423416934
314114575
451054442
699506860
897263766
784320853
530136636
663150134
87555750
121235494
867553566
450127126
636482720
698114737
133474264
563907916
982071480
844671449
227859124
267082753
399760808
92481888
352701037
48044461
107796559
194400186
210862332
737883651
81830498
232494182
830642349
121844862
229563809
200735116
856924441
576982585
995635079
467082829
829187751
949344038
437231636
344553797
709529815
181123199
421417615
113903996
270835201
241289418
63551486
88141858
724062166
255663794
825175268
522703032
625656993
786450169
662840138
34782277
664166068
164310776
683242868
295180804
867216341
122868975
71769402
855303198
128498782
922367822
471616023
686861962
486618794
805422518
216580914
736302806
451751010
471455095
809668223
382091357
591161409
824907683
579992741
386870491
115476480
873868672
744867844
665768812
483538685
793898314
691028957
577379159
336195252
338079121
604927767
495839934
225903313
29641968
555211685
592509994
129733353
395937985
730173339
175347262
785630360
309181946
213633540
487565425
277384899
244721649
764603534
524544473
524544473
