500000004
500000004
500000004
500000004
500000004
500000004
500000004
500000004
500000004
500000004
500000004
500000004
500000004
500000004
500000004
500000004
500000004
500000004
500000004
500000004
500000004
500000004
500000004
500000004
500000004
500000004
500000004
500000004
500000004
500000004
500000004
500000004
500000004
500000004
500000004
500000004
500000004
500000004
500000004
500000004
500000004
500000004
500000004
500000004
500000004
500000004
500000004
500000004
500000004
500000004
500000004
500000004
500000004
500000004
500000004
500000004
500000004
500000004
500000004
500000004
500000004
500000004
500000004
500000004
500000004
500000004
500000004
500000004
500000004
500000004
500000004
500000004
500000004
500000004
500000004
500000004
500000004
500000004
500000004
500000004
500000004
500000004
500000004
500000004
500000004
500000004
500000004
500000004
500000004
500000004
500000004
500000004
500000004
500000004
500000004
500000004
500000004
500000004
500000004
500000004
500000004
500000004
500000004
500000004
500000004
500000004
500000004
500000004
500000004
500000004
500000004
500000004
500000004
500000004
500000004
500000004
500000004
500000004
500000004
500000004
500000004
500000004
500000004
500000004
500000004
500000004
500000004
500000004
500000004
500000004
500000004
500000004
500000004
500000004
500000004
500000004
500000004
500000004
500000004
500000004
500000004
500000004
500000004
500000004
500000004
500000004
500000004
500000004
500000004
500000004
500000004
500000004
500000004
500000004
500000004
500000004
500000004
500000004
500000004
500000004
500000004
500000004
500000004
500000004
500000004
500000004
500000004
500000004
500000004
500000004
500000004
500000004
500000004
500000004
500000004
500000004
500000004
500000004
500000004
500000004
500000004
500000004
500000004
500000004
500000004
500000004
500000004
500000004
500000004
500000004
500000004
500000004
500000004
500000004
500000004
500000004
500000004
500000004
500000004
500000004
500000004
500000004
500000004
500000004
500000004
500000004
500000004
500000004
500000004
500000004
500000004
500000004
500000004
500000004
500000004
500000004
500000004
500000004
500000004
500000004
500000004
500000004
500000004
500000004
500000004
500000004
500000004
500000004
500000004
500000004
500000004
500000004
500000004
500000004
500000004
500000004
500000004
500000004
500000004
500000004
500000004
500000004
500000004
500000004
500000004
500000004
500000004
500000004
500000004
500000004
500000004
500000004
500000004
500000004
500000004
500000004
500000004
500000004
500000004
500000004
500000004
500000004
500000004
500000004
500000004
500000004
500000004
500000004
500000004
500000004
500000004
500000004
500000004
500000004
500000004
500000004
500000004
500000004
500000004
500000004
500000004
500000004
500000004
500000004
500000004
500000004
500000004
500000004
500000004
500000004
500000004
500000004
500000004
500000004
500000004
500000004
500000004
500000004
500000004
500000004
500000004
500000004
500000004
500000004
500000004
500000004
500000004
500000004
500000004
500000004
500000004
500000004
500000004
500000004
500000004
500000004
500000004
500000004
500000004
500000004
500000004
500000004
500000004
500000004
500000004
500000004
500000004
500000004
500000004
500000004
500000004
500000004
500000004
500000004
500000004
500000004
500000004
500000004
500000004
500000004
500000004
500000004
500000004
500000004
500000004
500000004
500000004
500000004
500000004
500000004
500000004
500000004
500000004
500000004
500000004
500000004
500000004
500000004
500000004
500000004
500000004
500000004
500000004
500000004
500000004
500000004
500000004
500000004
500000004
500000004
500000004
500000004
500000004
500000004
500000004
500000004
500000004
500000004
500000004
500000004
500000004
500000004
500000004
500000004
500000004
500000004
500000004
500000004
500000004
500000004
500000004
500000004
500000004
500000004
500000004
500000004
500000004
500000004
500000004
500000004
500000004
500000004
500000004
500000004
500000004
500000004
500000004
500000004
500000004
500000004
500000004
500000004
500000004
500000004
500000004
500000004
500000004
500000004
500000004
500000004
500000004
500000004
500000004
500000004
500000004
500000004
500000004
500000004
500000004
500000004
500000004
500000004
500000004
500000004
500000004
500000004
500000004
500000004
500000004
500000004
500000004
500000004
500000004
500000004
500000004
500000004
500000004
500000004
500000004
500000004
500000004
500000004
500000004
500000004
500000004
500000004
500000004
500000004
500000004
500000004
500000004
500000004
500000004
500000004
500000004
500000004
500000004
500000004
500000004
500000004
500000004
500000004
500000004
500000004
500000004
500000004
500000004
500000004
500000004
500000004
500000004
500000004
500000004
500000004
500000004
500000004
500000004
500000004
500000004
500000004
500000004
500000004
500000004
500000004
500000004
500000004
500000004
500000004
500000004
500000004
500000004
500000004
500000004
500000004
500000004
500000004
500000004
500000004
500000004
500000004
500000004
500000004
500000004
500000004
500000004
500000004
500000004
500000004
500000004
500000004
500000004
500000004
500000004
500000004
500000004
500000004
500000004
500000004
500000004
500000004
500000004
500000004
500000004
500000004
500000004
500000004
500000004
500000004
500000004
500000004
500000004
500000004
500000004
500000004
500000004
500000004
500000004
500000004
500000004
500000004
500000004
500000004
500000004
500000004
500000004
500000004
500000004
500000004
500000004
500000004
500000004
500000004
500000004
500000004
500000004
500000004
500000004
500000004
500000004
500000004
500000004
500000004
500000004
500000004
500000004
500000004
500000004
500000004
500000004
500000004
500000004
500000004
500000004
500000004
500000004
500000004
500000004
500000004
500000004
500000004
500000004
500000004
500000004
500000004
500000004
500000004
500000004
500000004
500000004
500000004
500000004
500000004
500000004
500000004
500000004
500000004
500000004
500000004
500000004
500000004
500000004
500000004
500000004
500000004
500000004
500000004
500000004
500000004
500000004
500000004
500000004
500000004
500000004
500000004
500000004
500000004
500000004
500000004
500000004
500000004
500000004
500000004
500000004
500000004
500000004
500000004
500000004
500000004
500000004
500000004
500000004
500000004
500000004
500000004
500000004
500000004
500000004
500000004
500000004
500000004
500000004
500000004
500000004
500000004
500000004
500000004
500000004
500000004
500000004
500000004
500000004
500000004
500000004
500000004
500000004
500000004
500000004
500000004
500000004
500000004
500000004
500000004
500000004
500000004
500000004
500000004
500000004
500000004
500000004
500000004
500000004
500000004
500000004
500000004
500000004
500000004
500000004
500000004
500000004
500000004
500000004
500000004
500000004
500000004
500000004
500000004
500000004
500000004
500000004
500000004
500000004
500000004
500000004
500000004
500000004
500000004
500000004
500000004
500000004
500000004
500000004
500000004
500000004
500000004
500000004
500000004
500000004
500000004
500000004
500000004
500000004
500000004
500000004
500000004
500000004
500000004
500000004
500000004
500000004
500000004
500000004
500000004
500000004
500000004
500000004
500000004
500000004
500000004
500000004
500000004
500000004
500000004
500000004
500000004
500000004
500000004
500000004
500000004
500000004
500000004
500000004
500000004
500000004
500000004
500000004
500000004
500000004
500000004
500000004
500000004
500000004
500000004
500000004
500000004
500000004
500000004
500000004
500000004
500000004
500000004
500000004
500000004
500000004
500000004
500000004
500000004
500000004
500000004
500000004
500000004
500000004
500000004
500000004
500000004
500000004
500000004
500000004
500000004
500000004
500000004
500000004
500000004
500000004
915088827
997805995
417163724
982063359
689576646
678385783
434193397
212070892
105945719
883375559
58311919
943489276
96930522
40015437
44531216
866005676
608235644
710119338
2502432
374152257
418643652
208441362
319699025
921329349
149044780
309915012
225142874
272765457
612953277
221473934
158206972
92582627
372669193
873751247
78071443
734825829
287501212
695175473
910565399
589911900
55115530
744318302
158545772
29242758
800864139
76942927
48182368
142542913
718197680
464377838
847214786
717131892
276843795
399075500
523223850
479166138
717014894
751520091
780221964
877046488
364500600
518585524
708815559
71090783
306306375
841535309
320523352
405976577
152224906
547296016
979805265
798505822
710709171
827530387
997578850
960458959
564274317
328660994
976202091
995241911
99008923
380420079
587452694
407654722
612993876
60537618
798580698
44212088
272369066
233078595
740555292
702653755
368387674
471476494
255182311
208587895
993088728
438559011
420541436
839462352
227849620
533937910
522383642
578980391
438166384
479225419
934842217
781163293
25009414
543495193
12347957
418881170
110616074
286465557
790799925
632984654
889596987
389422636
293202807
765333997
475740736
946905906
567972869
134505842
818619591
879406236
594180444
160355575
783405675
825439219
631135548
837419206
714229000
613333324
199247251
146882765
49559339
294833529
876531936
233668351
913930964
481455013
333292412
249532265
543004670
126724875
893528200
89203408
402550684
684872370
141077147
975758574
798620462
480782495
956384544
654648116
861611529
982006633
627211505
568486090
642305805
887599338
277795709
901101704
157443868
168995683
697538100
816400497
29655092
144886860
162921831
91464782
991163077
362505330
694820355
56027652
110638602
813357022
48156952
831599845
933568339
478211484
851573606
485212192
785132886
295344792
912515827
187562778
327793151
910358956
379520296
509713111
70871784
119550579
792021837
22660256
210506455
428187866
910383138
894246130
627018243
687605163
377105664
723611137
656560215
447233997
755566211
622921595
507822395
260715491
76851840
15257090
793888993
701017869
991272685
665395979
453222615
688180581
606004838
420323995
940772732
966166884
392874415
698962675
489969575
594191229
119820000
863004843
125110268
552860973
492731282
11671111
902617354
728186313
561973725
773156195
818908384
840922802
104412538
205484512
953371231
686880366
847364576
28842589
629973180
853693113
426635108
18117314
584608425
875494328
532610761
146677994
233006286
903523455
232457429
218021696
244089810
491272897
452639318
350557759
870561111
836289032
18555565
818912516
606397191
615942270
335734265
245417808
713050183
547236030
987438742
716500721
554565817
776410483
626975551
415275008
82469689
597812102
679638555
626895389
858788944
694408527
151417490
9465675
85385436
782030683
959982384
478093086
847018186
914186149
546815729
557999819
203853146
782273256
486925766
742037829
106321942
284174867
989870889
110861843
765110513
497836266
72814245
905425540
694459380
56181264
457047381
130912002
802050537
397568338
439221352
175423061
135943139
179114384
809710032
982749865
165293527
736134252
526578351
870009371
200751501
877293591
410164980
848813693
749581269
79007954
701057053
77649171
434779647
958797299
768699740
316360858
873086786
267564077
372352431
184215980
268465675
923868212
987027892
50922249
502668789
67205755
179846347
165620396
188057317
617849842
469684959
883798687
389876789
727342423
950576732
840041813
411237285
656696888
649894719
598958830
558250382
82331939
248131553
477689591
116315202
859512517
104025405
430322115
786793605
509509034
470937748
767377174
906317086
842934573
384050987
121264227
855934802
128011157
345489079
791182671
136039187
122580195
828833142
153440497
948132558
604519460
447586648
674548854
802450208
928959458
145481596
507847283
854707791
55116976
72557440
807657474
384280674
505373783
408485312
655714152
375313584
263576762
591100383
371092605
340630535
776678003
330947543
882247656
740349757
140228017
980982388
125122534
31001324
954404170
756535137
313350498
368911800
579147140
903901147
333090565
277515319
608695645
885442576
412903880
720283462
312196362
255095926
745807948
356830555
46219199
77322802
384672578
826726902
260111873
642829186
943306071
546748299
815876046
312841823
396018191
11461375
927117848
312077250
606495635
702651574
495167788
106397057
118020215
903418017
310938030
179490161
22967241
247046311
972899978
486046957
921342877
954974841
129699629
543843758
559933424
200281991
285766482
997627839
986519552
570953415
922705633
760065458
489147273
758485670
999004850
805179852
635390794
315309963
717229173
186671360
601961088
692306244
712025809
13733786
653234556
74758802
203519203
533466619
979281285
531370579
332685016
757175259
485619598
572137747
157887477
951789378
926870620
980871968
97475329
456395822
94162278
493816462
46964534
132570326
89241350
905969252
2766769
415183819
106254054
719117987
125165121
154188718
897471031
206218167
810916791
470459849
771513722
583063774
361832254
722888101
43513597
973236256
852946158
250981460
819649737
18818281
427189598
20007131
98111165
393061912
540272889
795596524
711674369
932734544
240372595
144809690
291143538
255507870
378493215
575829572
598009802
356798418
115157320
5324957
43650202
868107893
440021007
212119310
708217236
228340936
202853556
969450564
962727321
780577784
150909826
815799851
392109067
588095759
236918889
563156562
42795557
877258309
148513069
165373583
409089507
285393459
430144599
383230569
206397317
205980917
454933758
938286895
538018161
595885815
809677053
954759588
926639439
834435396
885930880
55285691
570837537
348843848
636889756
812493351
463703504
683206499
821775725
943026751
967144746
99753499
59496986
325737316
450251241
865403997
425351322
829962182
827658158
754177857
213474485
514446727
735471277
861721258
11560864
74065446
526325185
827751393
332892133
925278261
623305077
876756950
897937247
127079658
141429125
706706775
995987238
52634103
518233341
327749482
415855379
409777864
572914707
770087482
681054550
173090722
52433633
457784867
492697213
491363321
537361649
96167891
953566852
541672053
918757188
964268548
43361955
298361079
144219909
112510402
473853318
462547925
338773403
839336598
299765206
379100686
454854514
217052016
785881512
167799904
893051116
171148453
10060105
925290993
165185659
181036075
279547214
225517720
651942535
153722247
572178099
997661470
28237682
15872442
340232795
721596926
373870861
765407331
444947298
102471643
936008334
427841815
634920552
712038049
519594511
5337611
730566935
567517139
904370460
122051391
258474267
969199829
353016538
261319325
819563732
379123907
589318685
108405747
59355108
8950675
108864946
416375452
408596903
814900860
765047988
961911770
4005182
629110701
992920525
6019314
183656892
187289904
550998722
963829428
818332632
630235063
792047811
814434984
773724902
140105292
137479473
760207790
520446072
164050338
914028208
92858421
183615053
59371305
141519896
120859325
514025846
998797236
596328377
743906131
563686474
263373494
566368067
380562899
343496673
376562508
706396919
309720097
27631207
89942069
544138149
318182539
842005846
113813072
186978419
331764980
146309083
990734320
786829424
14351213
941180892
693427267
438615299
326750663
52387439
95574093
901037690
564915225
887130249
140358141
429162754
502504062
98240880
212028339
982337895
513829929
801947508
19402826
357566923
63368806
573451560
883385307
701656940
137287656
545149636
825020462
456218932
986649746
380338906
180308182
51252476
808311790
249641540
485150224
549562224
850006683
577077861
673323733
535524267
601334501
217981923
934561513
57376800
16658673
847825367
513804212
87526483
739054921
371568002
3359886
348238017
718895766
734995564
353117600
733412079
559365005
651892823
190991848
897843541
896431480
222499071
3971560
776051576
30941623
163435493
426891838
726963510
900620225
425878607
995828436
48244350
59670756
561498429
760408105
169323657
45898174
921041639
750434345
583869443
878702210
256227396
420596195
371677962
407466206
337844581
320179723
115197185
940135585
893519057
51581180
528279886
535866708
276437083
271699206
481808732
393325610
896023869
624927768
485585607
21237109
896636626
29572730
780187426
797550302
586085601
949092703
173301437
563880917
626502121
85735207
514243980
773643868
808128480
642510060
684731006
165313277
114866821
863127635
321485894
734821438
731865282
974578295
361450286
448350653
639709624
244851348
68989266
721794217
196029079
461879190
841049526
945245632
899483694
662563399
869606912
576705730
890817114
430492308
454076341
718595975
332650432
13190408
563193899
390273281
45225257
689184794
59673825
463928849
818791053
423403309
507794022
935062818
101192805
706124190
75212006
604993060
786030003
938042691
773203866
147098678
269338082
776671225
253444510
491831156
491831156
