500000004
500000004
500000004
500000004
500000004
500000004
500000004
500000004
500000004
500000004
500000004
500000004
500000004
500000004
500000004
500000004
500000004
500000004
500000004
500000004
500000004
500000004
500000004
500000004
500000004
500000004
500000004
500000004
500000004
500000004
500000004
500000004
500000004
500000004
500000004
500000004
500000004
500000004
500000004
500000004
500000004
500000004
500000004
500000004
500000004
500000004
500000004
500000004
500000004
500000004
500000004
500000004
500000004
500000004
500000004
500000004
500000004
500000004
500000004
500000004
500000004
500000004
500000004
500000004
500000004
500000004
500000004
500000004
500000004
500000004
500000004
500000004
500000004
500000004
500000004
500000004
500000004
500000004
500000004
500000004
500000004
500000004
500000004
500000004
500000004
500000004
500000004
500000004
500000004
500000004
500000004
500000004
500000004
500000004
500000004
500000004
500000004
500000004
500000004
500000004
500000004
500000004
500000004
500000004
500000004
500000004
500000004
500000004
500000004
500000004
500000004
500000004
500000004
500000004
500000004
500000004
500000004
500000004
500000004
500000004
500000004
500000004
500000004
500000004
500000004
500000004
500000004
500000004
500000004
500000004
500000004
500000004
500000004
500000004
500000004
500000004
500000004
500000004
500000004
500000004
500000004
500000004
500000004
500000004
500000004
500000004
500000004
500000004
500000004
500000004
500000004
500000004
500000004
500000004
500000004
500000004
500000004
500000004
500000004
500000004
500000004
500000004
500000004
500000004
500000004
500000004
500000004
500000004
500000004
500000004
500000004
500000004
500000004
500000004
500000004
500000004
500000004
500000004
500000004
500000004
500000004
500000004
500000004
500000004
500000004
500000004
500000004
500000004
500000004
500000004
500000004
500000004
500000004
500000004
500000004
500000004
500000004
500000004
500000004
500000004
500000004
500000004
500000004
500000004
500000004
500000004
500000004
500000004
500000004
500000004
500000004
500000004
500000004
500000004
500000004
500000004
500000004
500000004
500000004
500000004
500000004
500000004
500000004
500000004
500000004
500000004
500000004
500000004
500000004
500000004
500000004
500000004
500000004
500000004
500000004
500000004
500000004
500000004
500000004
500000004
500000004
500000004
500000004
500000004
500000004
500000004
500000004
500000004
500000004
500000004
500000004
500000004
500000004
500000004
500000004
500000004
500000004
500000004
500000004
500000004
500000004
500000004
500000004
500000004
500000004
500000004
500000004
500000004
500000004
500000004
500000004
500000004
500000004
500000004
500000004
500000004
500000004
500000004
500000004
500000004
500000004
500000004
500000004
500000004
500000004
500000004
500000004
500000004
500000004
500000004
500000004
500000004
500000004
500000004
500000004
500000004
500000004
500000004
500000004
500000004
500000004
500000004
500000004
500000004
500000004
500000004
500000004
500000004
500000004
500000004
500000004
500000004
500000004
500000004
500000004
500000004
500000004
500000004
500000004
500000004
500000004
500000004
500000004
500000004
500000004
500000004
500000004
500000004
500000004
500000004
500000004
500000004
500000004
500000004
500000004
500000004
500000004
500000004
500000004
500000004
807067422
8528111
183052326
130932511
771295463
399780855
718735952
887197581
978209135
404432496
42030213
94721206
490326976
923143520
522580623
595938472
503502103
947403661
849427413
768493293
42109566
387391952
538458782
509897740
168904859
926476708
801740610
845195952
879983638
548981366
913317410
635967978
403207999
364015399
737267759
445787495
927661134
51775817
430607896
651101806
320691695
813913146
372453280
155736213
64797166
943457241
479154265
849144188
184416050
715900587
793375422
854308613
93009353
371978149
498225706
4966949
131420453
202258938
418835477
725593631
595564485
365960729
171838909
790593111
473077028
70950128
200788058
400147755
871760965
309573920
917184640
643384592
528580293
958036660
311857455
928402866
328839334
98849543
3299913
79630641
429521736
447757902
336034888
15871563
477603200
311569156
692008297
347566185
693720842
20429782
82419434
910197188
186133104
85081049
240636691
48590101
394734551
523182898
151407014
632024007
881978301
495740123
572548774
290749857
156918513
531103676
104275354
738081759
730264449
71997679
501262329
209231206
759650694
860489663
942419719
356316433
370639738
475474897
284414164
908339315
489096155
320286847
345610247
563900536
870627970
367914080
606953934
722672719
601737844
56786208
812238846
556753109
44125146
202168768
354238294
21204791
274179378
64018437
798631601
543757822
118455893
990282408
392918146
924632932
3862925
618853687
811560940
599505579
91833413
287323296
135971802
976494220
459048507
666292662
851913987
405775061
871035427
223803384
234327678
892318558
418373076
328395624
411486047
784833878
555547162
150818359
212902564
73425340
505821319
475221188
891175701
950055234
720658259
912995687
989631032
987889795
920001337
549858837
753893470
926211737
566303901
612845135
816823111
632332680
986983512
667624144
281431488
117962675
51079526
814798308
262185759
935262599
178501655
933432180
488530030
725510169
633123366
888150459
893073560
5256037
986421940
379032841
409732098
475345392
430316025
526667305
925966937
249680936
949372191
14996120
500775982
759493809
13157770
60158966
634905842
417254136
734854379
639429802
762935562
536716870
985679946
391606007
228823399
346572671
83833472
194533679
82908936
679429636
552734974
225305785
218116204
754700491
305109164
311190200
318635571
557515664
210812383
359122324
322514835
638081514
512483817
216121442
920281491
886991667
535745830
329363038
888846919
111230622
717156507
516924413
957051011
677518521
147352445
961861710
875255392
433208031
835516280
648309498
257296999
504738173
562848293
974469123
541996061
951979369
488380754
280807995
204526945
567399015
758188839
81609303
118577943
757970697
75376887
255326689
525963968
268093581
421009729
233638512
268516138
769509641
89357808
72108460
819073279
760084081
790453324
760541758
514571951
971057846
46086753
798886339
818732781
768051094
369112488
314284506
81791116
526874495
370840615
708824545
966032201
253822302
700318768
85298392
578298299
971872457
378234594
236754624
117057597
375487112
719973957
420989285
243503718
784716555
65693400
610736385
109005596
521494593
181589988
911909521
774833938
624056926
975053725
279816782
306910546
152012823
220381358
413299370
413744887
38051787
942644330
982565021
754848265
267582060
867046490
165605185
289751900
638520388
167417301
570287208
410143605
250000002
106268375
89057956
786835307
839144564
162875987
962053234
17597173
245411507
530624794
485104364
883156401
180387028
673833575
806220273
164615722
286765645
997291206
942005193
735951629
424217105
271574839
683140513
272239316
40210887
130710909
774152030
848777696
51346791
976912496
27455192
425880568
38929103
68334359
514629995
148598958
832137418
168214535
399820928
774241278
796449470
470091165
82980955
856401825
760331151
662077118
694368132
146973031
431974531
34031344
638526672
157343452
50868070
214345745
145218082
813148827
129935105
670134500
793039730
14875345
565896261
909901831
90156339
737629720
226991063
134906261
339213556
658436383
599640593
906110626
516427962
950730022
544071312
986546207
23763051
264130551
964416211
277776386
533052522
788129119
746778354
905843557
132553235
1659951
273834088
3396427
845026584
33814214
730080412
468440422
534944489
304876612
635326424
332984759
370620136
962892198
48430781
934087217
466432053
65326959
249769146
777815130
163161911
874650422
863797162
83956951
534075245
542307149
643504327
444444257
777563041
882930507
245724624
63169479
69147764
652562724
414355552
877760489
953110957
883301265
874904605
411090546
112770322
789226498
642917479
799721207
928828946
627253546
692489338
133349680
830807211
774682890
618142868
735776389
485795857
967616355
16249909
107254481
738553993
382666645
408641751
387051763
441413728
862192956
400371548
354835374
736771658
295513869
545535502
530953421
99198691
531412991
816427152
212334649
724425331
321913163
190279656
354148697
356070145
177530429
494671884
922643350
715695717
288469186
839386635
877634050
99252110
638363185
851328401
539084024
576445669
255535319
480865568
682418545
821044569
404215989
100834299
733756823
366691575
602500648
722548532
500072901
990604412
442471882
430622828
56892678
550012321
881574646
389426947
778101081
462317182
29226256
318722331
563659691
79677642
66226682
431811280
181915796
149699265
863312958
432543345
272732324
929587608
420966624
514379795
197632895
996741564
833657677
341964582
682795514
100744646
503191978
753751714
136865959
734255518
429448326
934196962
565508092
596036234
739120448
737666100
580752307
685522951
235360253
83670593
505864116
965777107
731340454
359561697
335168646
184156245
682455946
165777352
180198110
523671155
601361655
380835679
29803296
771073798
234944617
825040049
498656980
348241575
628425651
709585197
147238334
183613701
163930459
13853009
802698232
441966361
959543147
792507134
76626631
525308947
339901446
599714017
46504405
247796856
996842981
855053281
398011655
751361
443192031
768131462
529322716
898268520
377396631
509356557
846976916
874404093
765084967
179623040
568524246
547585087
924775457
269225417
131284902
258538207
792677280
422174074
555219593
970277512
398409166
995665950
274269382
216632509
313849586
369739109
29669536
498521788
337495088
648138936
133349239
391258303
771125233
404250217
154559505
621464102
5796678
558604263
126816133
53565058
597097056
520728467
813237661
623940475
538500917
283252558
764978802
783774393
937161386
402818489
232738973
350909161
311132930
307931058
811838629
111055
7635015
590283772
162559885
741882429
728217223
463702938
266778878
236005871
980478021
814691729
200008673
94809980
463931785
324109152
278750694
426926218
247269051
898332975
924417646
166867796
288736137
255373374
577348800
634625611
254341197
485575168
277522163
139329379
859287024
120910827
791939873
98909397
768505184
266301901
320230266
394955759
836744541
72966043
874212460
964334558
148851365
2308176
162964408
90943223
702827731
179653041
84271055
789051320
195562497
524840503
902160597
188367985
669387515
467531044
957278481
811560217
825060692
691906758
502741633
646273911
858962544
290639359
456665553
567051941
900992386
976667352
233671047
965659526
675999386
320866898
286537851
420306956
904390959
87292124
815513523
618820557
538297477
743884922
760987835
1984439
209670820
719838703
620110529
977930315
393742960
403808362
260115419
630723121
618927607
505334871
261255525
260474411
134470245
911909290
722447581
100938634
788185868
697204966
362081077
243494159
543946219
965531115
238213674
795148869
889908733
452427007
235479027
878996084
322218310
810847761
487963741
654275637
607220375
673939682
127541944
951045714
653648660
290661782
39292921
320596834
269497498
79749723
735963944
777438217
778621147
326480711
12701427
988873402
495779352
75538898
217393160
871320552
548470620
145220538
76144837
709902884
253003347
703904373
81930253
234702874
727110608
738845382
370825160
600741214
747605736
274364231
720138180
449331987
984319596
305340365
541109542
426065629
246362029
360613073
122575051
655634688
373005168
184666248
225375919
81546345
727214068
969620176
961399621
188276322
700956172
943363538
960610635
118760732
22599060
974518231
974518231
