I
I
I
< 2 100
C 4 -2722258935367507707706996859454145691648
S 5
- 6
< 7 131
+ 4 8
C 9 -1361129467683753853853498429727072845824
S 10
- 11
< 12 130
+ 9 13
C 14 -680564733841876926926749214863536422912
S 15
- 16
< 17 129
+ 14 18
C 19 -340282366920938463463374607431768211456
S 20
- 21
< 22 128
+ 19 23
C 24 -170141183460469231731687303715884105728
S 25
- 26
< 27 127
+ 24 28
C 29 -85070591730234615865843651857942052864
S 30
- 31
< 32 126
+ 29 33
C 34 -42535295865117307932921825928971026432
S 35
- 36
< 37 125
+ 34 38
C 39 -21267647932558653966460912964485513216
S 40
- 41
< 42 124
+ 39 43
C 44 -10633823966279326983230456482242756608
S 45
- 46
< 47 123
+ 44 48
C 49 -5316911983139663491615228241121378304
S 50
- 51
< 52 122
+ 49 53
C 54 -2658455991569831745807614120560689152
S 55
- 56
< 57 121
+ 54 58
C 59 -1329227995784915872903807060280344576
S 60
- 61
< 62 120
+ 59 63
C 64 -664613997892457936451903530140172288
S 65
- 66
< 67 119
+ 64 68
C 69 -332306998946228968225951765070086144
S 70
- 71
< 72 118
+ 69 73
C 74 -166153499473114484112975882535043072
S 75
- 76
< 77 117
+ 74 78
C 79 -83076749736557242056487941267521536
S 80
- 81
< 82 116
+ 79 83
C 84 -41538374868278621028243970633760768
S 85
- 86
< 87 115
+ 84 88
C 89 -20769187434139310514121985316880384
S 90
- 91
< 92 114
+ 89 93
C 94 -10384593717069654104139488051593216
S 95
- 96
< 97 113
+ 94 98
C 99 -5192296858534826475608991722373120
S 100
- 101
< 102 112
+ 99 103
C 104 -2596148429267412661343743557763072
S 105
- 106
< 107 111
+ 104 108
C 109 -1298074214633705754211119475458048
S 110
- 111
< 112 110
+ 109 113
C 114 -649037107316852300644807434305536
S 115
- 116
< 117 109
+ 114 118
C 119 -324518553658425573861651413729280
S 120
- 121
< 122 108
+ 119 123
C 124 -162259276829212210470073403441152
S 125
- 126
< 127 107
+ 124 128
C 129 -81129638414605528774284398297088
S 130
- 131
< 132 106
+ 129 133
C 134 -40564819207302187926389895725056
S 135
- 136
< 137 105
+ 134 138
C 139 -20282409603650517502442644439040
S 140
- 141
< 142 104
+ 139 143
C 144 -10141204801824682290469018796032
S 145
- 146
< 147 103
+ 144 148
C 149 -5070602400911764684482205974528
S 150
- 151
< 152 102
+ 149 153
C 154 -2535301200455305881488799563776
S 155
- 156
< 157 101
+ 154 158
- 159
> 1 200
C 8 2722258935367507707706996859454145691648
S 162
- 163
+ 161 162
S 165
+ 166 164
< 167 233
C 13 1361129467683753853853498429727072845824
S 169
- 170
+ 161 169
S 172
+ 173 171
< 174 232
+ 168 175
C 18 680564733841876926926749214863536422912
S 177
- 178
+ 161 177
S 180
+ 181 179
< 182 231
+ 176 183
C 23 340282366920938463463374607431768211456
S 185
- 186
+ 161 185
S 188
+ 189 187
< 190 230
+ 184 191
C 28 170141183460469231731687303715884105728
S 193
- 194
+ 161 193
S 196
+ 197 195
< 198 229
+ 192 199
C 33 85070591730234615865843651857942052864
S 201
- 202
+ 161 201
S 204
+ 205 203
< 206 228
+ 200 207
C 38 42535295865117307932921825928971026432
S 209
- 210
+ 161 209
S 212
+ 213 211
< 214 227
+ 208 215
C 43 21267647932558653966460912964485513216
S 217
- 218
+ 161 217
S 220
+ 221 219
< 222 226
+ 216 223
C 48 10633823966279326983230456482242756608
S 225
- 226
+ 161 225
S 228
+ 229 227
< 230 225
+ 224 231
C 53 5316911983139663491615228241121378304
S 233
- 234
+ 161 233
S 236
+ 237 235
< 238 224
+ 232 239
C 58 2658455991569831745807614120560689152
S 241
- 242
+ 161 241
S 244
+ 245 243
< 246 223
+ 240 247
C 63 1329227995784915872903807060280344576
S 249
- 250
+ 161 249
S 252
+ 253 251
< 254 222
+ 248 255
C 68 664613997892457936451903530140172288
S 257
- 258
+ 161 257
S 260
+ 261 259
< 262 221
+ 256 263
C 73 332306998946228968225951765070086144
S 265
- 266
+ 161 265
S 268
+ 269 267
< 270 220
+ 264 271
C 78 166153499473114484112975882535043072
S 273
- 274
+ 161 273
S 276
+ 277 275
< 278 219
+ 272 279
C 83 83076749736557242056487941267521536
S 281
- 282
+ 161 281
S 284
+ 285 283
< 286 218
+ 280 287
C 88 41538374868278621028243970633760768
S 289
- 290
+ 161 289
S 292
+ 293 291
< 294 217
+ 288 295
C 93 20769187434139310514121985316880384
S 297
- 298
+ 161 297
S 300
+ 301 299
< 302 216
+ 296 303
C 98 10384593717069655257060992658440192
S 305
- 306
+ 161 305
S 308
+ 309 307
< 310 215
+ 304 311
C 103 5192296858534827628530496329220096
S 313
- 314
+ 161 313
S 316
+ 317 315
< 318 214
+ 312 319
C 108 2596148429267413814265248164610048
S 321
- 322
+ 161 321
S 324
+ 325 323
< 326 213
+ 320 327
C 113 1298074214633706907132624082305024
S 329
- 330
+ 161 329
S 332
+ 333 331
< 334 212
+ 328 335
C 118 649037107316853453566312041152512
S 337
- 338
+ 161 337
S 340
+ 341 339
< 342 211
+ 336 343
C 123 324518553658426726783156020576256
S 345
- 346
+ 161 345
S 348
+ 349 347
< 350 210
+ 344 351
C 128 162259276829213363391578010288128
S 353
- 354
+ 161 353
S 356
+ 357 355
< 358 209
+ 352 359
C 133 81129638414606681695789005144064
S 361
- 362
+ 161 361
S 364
+ 365 363
< 366 208
+ 360 367
C 138 40564819207303340847894502572032
S 369
- 370
+ 161 369
S 372
+ 373 371
< 374 207
+ 368 375
C 143 20282409603651670423947251286016
S 377
- 378
+ 161 377
S 380
+ 381 379
< 382 206
+ 376 383
C 148 10141204801825835211973625643008
S 385
- 386
+ 161 385
S 388
+ 389 387
< 390 205
+ 384 391
C 153 5070602400912917605986812821504
S 393
- 394
+ 161 393
S 396
+ 397 395
< 398 204
+ 392 399
C 158 2535301200456458802993406410752
S 401
- 402
+ 161 401
S 404
+ 405 403
< 406 203
+ 400 407
C 160 1267650600228229401496703205376
S 409
- 410
+ 161 409
S 412
+ 413 411
< 414 202
+ 408 415
< 416 100
> 3 200
- 3
< 419 163
+ 417 420
C 421 1237940039285380274899124224
S 422
- 423
C 424 1
< 425 500
< 423 63
S 426
- 428
+ 426 418
S 430
+ 431 429
< 432 365
- 433
+ 417 434
< 419 162
+ 435 436
C 437 1237940039285380274899124224
S 438
- 439
C 440 1
< 441 500
< 439 62
+ 427 443
S 442
- 445
+ 442 418
S 447
+ 448 446
< 449 364
- 450
+ 435 451
< 419 161
+ 452 453
C 454 1237940039285380274899124224
S 455
- 456
C 457 1
< 458 500
< 456 61
+ 444 460
S 459
- 462
+ 459 418
S 464
+ 465 463
< 466 363
- 467
+ 452 468
< 419 160
+ 469 470
C 471 1237940039285380274899124224
S 472
- 473
C 474 1
< 475 500
< 473 60
+ 461 477
S 476
- 479
+ 476 418
S 481
+ 482 480
< 483 362
- 484
+ 469 485
< 419 159
+ 486 487
C 488 1237940039285380274899124224
S 489
- 490
C 491 1
< 492 500
< 490 59
+ 478 494
S 493
- 496
+ 493 418
S 498
+ 499 497
< 500 361
- 501
+ 486 502
< 419 158
+ 503 504
C 505 1237940039285380274899124224
S 506
- 507
C 508 1
< 509 500
< 507 58
+ 495 511
S 510
- 513
+ 510 418
S 515
+ 516 514
< 517 360
- 518
+ 503 519
< 419 157
+ 520 521
C 522 1237940039285380274899124224
S 523
- 524
C 525 1
< 526 500
< 524 57
+ 512 528
S 527
- 530
+ 527 418
S 532
+ 533 531
< 534 359
- 535
+ 520 536
< 419 156
+ 537 538
C 539 1237940039285380274899124224
S 540
- 541
C 542 1
< 543 500
< 541 56
+ 529 545
S 544
- 547
+ 544 418
S 549
+ 550 548
< 551 358
- 552
+ 537 553
< 419 155
+ 554 555
C 556 1237940039285380274899124224
S 557
- 558
C 559 1
< 560 500
< 558 55
+ 546 562
S 561
- 564
+ 561 418
S 566
+ 567 565
< 568 357
- 569
+ 554 570
< 419 154
+ 571 572
C 573 1237940039285380274899124224
S 574
- 575
C 576 1
< 577 500
< 575 54
+ 563 579
S 578
- 581
+ 578 418
S 583
+ 584 582
< 585 356
- 586
+ 571 587
< 419 153
+ 588 589
C 590 1237940039285380274899124224
S 591
- 592
C 593 1
< 594 500
< 592 53
+ 580 596
S 595
- 598
+ 595 418
S 600
+ 601 599
< 602 355
- 603
+ 588 604
< 419 152
+ 605 606
C 607 1237940039285380274899124224
S 608
- 609
C 610 1
< 611 500
< 609 52
+ 597 613
S 612
- 615
+ 612 418
S 617
+ 618 616
< 619 354
- 620
+ 605 621
< 419 151
+ 622 623
C 624 1237940039285380274899124224
S 625
- 626
C 627 1
< 628 500
< 626 51
+ 614 630
S 629
- 632
+ 629 418
S 634
+ 635 633
< 636 353
- 637
+ 622 638
< 419 150
+ 639 640
C 641 1237940039285380274899124224
S 642
- 643
C 644 1
< 645 500
< 643 50
+ 631 647
S 646
- 649
+ 646 418
S 651
+ 652 650
< 653 352
- 654
+ 639 655
< 419 149
+ 656 657
C 658 1237940039285380274899124224
S 659
- 660
C 661 1
< 662 500
< 660 49
+ 648 664
S 663
- 666
+ 663 418
S 668
+ 669 667
< 670 351
- 671
+ 656 672
< 419 148
+ 673 674
C 675 1237940039285380274899124224
S 676
- 677
C 678 1
< 679 500
< 677 48
+ 665 681
S 680
- 683
+ 680 418
S 685
+ 686 684
< 687 350
- 688
+ 673 689
< 419 147
+ 690 691
C 692 1237940039285380274899124224
S 693
- 694
C 695 1
< 696 500
< 694 47
+ 682 698
S 697
- 700
+ 697 418
S 702
+ 703 701
< 704 349
- 705
+ 690 706
< 419 146
+ 707 708
C 709 1237940039285380274899124224
S 710
- 711
C 712 1
< 713 500
< 711 46
+ 699 715
S 714
- 717
+ 714 418
S 719
+ 720 718
< 721 348
- 722
+ 707 723
< 419 145
+ 724 725
C 726 1237940039285380274899124224
S 727
- 728
C 729 1
< 730 500
< 728 45
+ 716 732
S 731
- 734
+ 731 418
S 736
+ 737 735
< 738 347
- 739
+ 724 740
< 419 144
+ 741 742
C 743 1237940039285380274899124224
S 744
- 745
C 746 1
< 747 500
< 745 44
+ 733 749
S 748
- 751
+ 748 418
S 753
+ 754 752
< 755 346
- 756
+ 741 757
< 419 143
+ 758 759
C 760 1237940039285380274899124224
S 761
- 762
C 763 1
< 764 500
< 762 43
+ 750 766
S 765
- 768
+ 765 418
S 770
+ 771 769
< 772 345
- 773
+ 758 774
< 419 142
+ 775 776
C 777 1237940039285380274899124224
S 778
- 779
C 780 1
< 781 500
< 779 42
+ 767 783
S 782
- 785
+ 782 418
S 787
+ 788 786
< 789 344
- 790
+ 775 791
< 419 141
+ 792 793
C 794 1237940039285380274899124224
S 795
- 796
C 797 1
< 798 500
< 796 41
+ 784 800
S 799
- 802
+ 799 418
S 804
+ 805 803
< 806 343
- 807
+ 792 808
< 419 140
+ 809 810
C 811 1237940039285380274899124224
S 812
- 813
C 814 1
< 815 500
< 813 40
+ 801 817
S 816
- 819
+ 816 418
S 821
+ 822 820
< 823 342
- 824
+ 809 825
< 419 139
+ 826 827
C 828 1237940039285380274899124224
S 829
- 830
C 831 1
< 832 500
< 830 39
+ 818 834
S 833
- 836
+ 833 418
S 838
+ 839 837
< 840 341
- 841
+ 826 842
< 419 138
+ 843 844
C 845 1237940039285380274899124224
S 846
- 847
C 848 1
< 849 500
< 847 38
+ 835 851
S 850
- 853
+ 850 418
S 855
+ 856 854
< 857 340
- 858
+ 843 859
< 419 137
+ 860 861
C 862 1237940039285380274899124224
S 863
- 864
C 865 1
< 866 500
< 864 37
+ 852 868
S 867
- 870
+ 867 418
S 872
+ 873 871
< 874 339
- 875
+ 860 876
< 419 136
+ 877 878
C 879 1237940039285380274899124224
S 880
- 881
C 882 1
< 883 500
< 881 36
+ 869 885
S 884
- 887
+ 884 418
S 889
+ 890 888
< 891 338
- 892
+ 877 893
< 419 135
+ 894 895
C 896 1237940039285380274899124224
S 897
- 898
C 899 1
< 900 500
< 898 35
+ 886 902
S 901
- 904
+ 901 418
S 906
+ 907 905
< 908 337
- 909
+ 894 910
< 419 134
+ 911 912
C 913 1237940039285380274899124224
S 914
- 915
C 916 1
< 917 500
< 915 34
+ 903 919
S 918
- 921
+ 918 418
S 923
+ 924 922
< 925 336
- 926
+ 911 927
< 419 133
+ 928 929
C 930 1237940039285380274899124224
S 931
- 932
C 933 1
< 934 500
< 932 33
+ 920 936
S 935
- 938
+ 935 418
S 940
+ 941 939
< 942 335
- 943
+ 928 944
< 419 132
+ 945 946
C 947 1237940039285380274899124224
S 948
- 949
C 950 1
< 951 500
< 949 32
+ 937 953
S 952
- 955
+ 952 418
S 957
+ 958 956
< 959 334
- 960
+ 945 961
< 419 131
+ 962 963
C 964 1237940039285380274899124224
S 965
- 966
C 967 1
< 968 500
< 966 31
+ 954 970
S 969
- 972
+ 969 418
S 974
+ 975 973
< 976 333
- 977
+ 962 978
< 419 130
+ 979 980
C 981 1237940039285380274899124224
S 982
- 983
C 984 1
< 985 500
< 983 30
+ 971 987
S 986
- 989
+ 986 418
S 991
+ 992 990
< 993 332
- 994
+ 979 995
< 419 129
+ 996 997
C 998 1237940039285380274899124224
S 999
- 1000
C 1001 1
< 1002 500
< 1000 29
+ 988 1004
S 1003
- 1006
+ 1003 418
S 1008
+ 1009 1007
< 1010 331
- 1011
+ 996 1012
< 419 128
+ 1013 1014
C 1015 1237940039285380274899124224
S 1016
- 1017
C 1018 1
< 1019 500
< 1017 28
+ 1005 1021
S 1020
- 1023
+ 1020 418
S 1025
+ 1026 1024
< 1027 330
- 1028
+ 1013 1029
< 419 127
+ 1030 1031
C 1032 1237940039285380274899124224
S 1033
- 1034
C 1035 1
< 1036 500
< 1034 27
+ 1022 1038
S 1037
- 1040
+ 1037 418
S 1042
+ 1043 1041
< 1044 329
- 1045
+ 1030 1046
< 419 126
+ 1047 1048
C 1049 1237940039285380274899124224
S 1050
- 1051
C 1052 1
< 1053 500
< 1051 26
+ 1039 1055
S 1054
- 1057
+ 1054 418
S 1059
+ 1060 1058
< 1061 328
- 1062
+ 1047 1063
< 419 125
+ 1064 1065
C 1066 1237940039285380274899124224
S 1067
- 1068
C 1069 1
< 1070 500
< 1068 25
+ 1056 1072
S 1071
- 1074
+ 1071 418
S 1076
+ 1077 1075
< 1078 327
- 1079
+ 1064 1080
< 419 124
+ 1081 1082
C 1083 1237940039285380274899124224
S 1084
- 1085
C 1086 1
< 1087 500
< 1085 24
+ 1073 1089
S 1088
- 1091
+ 1088 418
S 1093
+ 1094 1092
< 1095 326
- 1096
+ 1081 1097
< 419 123
+ 1098 1099
C 1100 1237940039285380274899124224
S 1101
- 1102
C 1103 1
< 1104 500
< 1102 23
+ 1090 1106
S 1105
- 1108
+ 1105 418
S 1110
+ 1111 1109
< 1112 325
- 1113
+ 1098 1114
< 419 122
+ 1115 1116
C 1117 1237940039285380274899124224
S 1118
- 1119
C 1120 1
< 1121 500
< 1119 22
+ 1107 1123
S 1122
- 1125
+ 1122 418
S 1127
+ 1128 1126
< 1129 324
- 1130
+ 1115 1131
< 419 121
+ 1132 1133
C 1134 1237940039285380274899124224
S 1135
- 1136
C 1137 1
< 1138 500
< 1136 21
+ 1124 1140
S 1139
- 1142
+ 1139 418
S 1144
+ 1145 1143
< 1146 323
- 1147
+ 1132 1148
< 419 120
+ 1149 1150
C 1151 1237940039285380274899124224
S 1152
- 1153
C 1154 1
< 1155 500
< 1153 20
+ 1141 1157
S 1156
- 1159
+ 1156 418
S 1161
+ 1162 1160
< 1163 322
- 1164
+ 1149 1165
< 419 119
+ 1166 1167
C 1168 1237940039285380274899124224
S 1169
- 1170
C 1171 1
< 1172 500
< 1170 19
+ 1158 1174
S 1173
- 1176
+ 1173 418
S 1178
+ 1179 1177
< 1180 321
- 1181
+ 1166 1182
< 419 118
+ 1183 1184
C 1185 1237940039285380274899124224
S 1186
- 1187
C 1188 1
< 1189 500
< 1187 18
+ 1175 1191
S 1190
- 1193
+ 1190 418
S 1195
+ 1196 1194
< 1197 320
- 1198
+ 1183 1199
< 419 117
+ 1200 1201
C 1202 1237940039285380274899124224
S 1203
- 1204
C 1205 1
< 1206 500
< 1204 17
+ 1192 1208
S 1207
- 1210
+ 1207 418
S 1212
+ 1213 1211
< 1214 319
- 1215
+ 1200 1216
< 419 116
+ 1217 1218
C 1219 1237940039285380274899124224
S 1220
- 1221
C 1222 1
< 1223 500
< 1221 16
+ 1209 1225
S 1224
- 1227
+ 1224 418
S 1229
+ 1230 1228
< 1231 318
- 1232
+ 1217 1233
< 419 115
+ 1234 1235
C 1236 1237940039285380274899124224
S 1237
- 1238
C 1239 1
< 1240 500
< 1238 15
+ 1226 1242
S 1241
- 1244
+ 1241 418
S 1246
+ 1247 1245
< 1248 317
- 1249
+ 1234 1250
< 419 114
+ 1251 1252
C 1253 1237940039285380274899124224
S 1254
- 1255
C 1256 1
< 1257 500
< 1255 14
+ 1243 1259
S 1258
- 1261
+ 1258 418
S 1263
+ 1264 1262
< 1265 316
- 1266
+ 1251 1267
< 419 113
+ 1268 1269
C 1270 1237940039285380274899124224
S 1271
- 1272
C 1273 1
< 1274 500
< 1272 13
+ 1260 1276
S 1275
- 1278
+ 1275 418
S 1280
+ 1281 1279
< 1282 315
- 1283
+ 1268 1284
< 419 112
+ 1285 1286
C 1287 1237940039285380274899124224
S 1288
- 1289
C 1290 1
< 1291 500
< 1289 12
+ 1277 1293
S 1292
- 1295
+ 1292 418
S 1297
+ 1298 1296
< 1299 314
- 1300
+ 1285 1301
< 419 111
+ 1302 1303
C 1304 1237940039285380274899124224
S 1305
- 1306
C 1307 1
< 1308 500
< 1306 11
+ 1294 1310
S 1309
- 1312
+ 1309 418
S 1314
+ 1315 1313
< 1316 313
- 1317
+ 1302 1318
< 419 110
+ 1319 1320
C 1321 1237940039285380274899124224
S 1322
- 1323
C 1324 1
< 1325 500
< 1323 10
+ 1311 1327
S 1326
- 1329
+ 1326 418
S 1331
+ 1332 1330
< 1333 312
- 1334
+ 1319 1335
< 419 109
+ 1336 1337
C 1338 1237940039285380274899124224
S 1339
- 1340
C 1341 1
< 1342 500
< 1340 9
+ 1328 1344
S 1343
- 1346
+ 1343 418
S 1348
+ 1349 1347
< 1350 311
- 1351
+ 1336 1352
< 419 108
+ 1353 1354
C 1355 1237940039285380274899124224
S 1356
- 1357
C 1358 1
< 1359 500
< 1357 8
+ 1345 1361
S 1360
- 1363
+ 1360 418
S 1365
+ 1366 1364
< 1367 310
- 1368
+ 1353 1369
< 419 107
+ 1370 1371
C 1372 1237940039285380274899124224
S 1373
- 1374
C 1375 1
< 1376 500
< 1374 7
+ 1362 1378
S 1377
- 1380
+ 1377 418
S 1382
+ 1383 1381
< 1384 309
- 1385
+ 1370 1386
< 419 106
+ 1387 1388
C 1389 1237940039285380274899124224
S 1390
- 1391
C 1392 1
< 1393 500
< 1391 6
+ 1379 1395
S 1394
- 1397
+ 1394 418
S 1399
+ 1400 1398
< 1401 308
- 1402
+ 1387 1403
< 419 105
+ 1404 1405
C 1406 1237940039285380274899124224
S 1407
- 1408
C 1409 1
< 1410 500
< 1408 5
+ 1396 1412
S 1411
- 1414
+ 1411 418
S 1416
+ 1417 1415
< 1418 307
- 1419
+ 1404 1420
< 419 104
+ 1421 1422
C 1423 1237940039285380274899124224
S 1424
- 1425
C 1426 1
< 1427 500
< 1425 4
+ 1413 1429
S 1428
- 1431
+ 1428 418
S 1433
+ 1434 1432
< 1435 306
- 1436
+ 1421 1437
< 419 103
+ 1438 1439
C 1440 1237940039285380274899124224
S 1441
- 1442
C 1443 1
< 1444 500
< 1442 3
+ 1430 1446
S 1445
- 1448
+ 1445 418
S 1450
+ 1451 1449
< 1452 305
- 1453
+ 1438 1454
< 419 102
+ 1455 1456
C 1457 1237940039285380274899124224
S 1458
- 1459
C 1460 1
< 1461 500
< 1459 2
+ 1447 1463
S 1462
- 1465
+ 1462 418
S 1467
+ 1468 1466
< 1469 304
- 1470
+ 1455 1471
< 419 101
+ 1472 1473
C 1474 1237940039285380274899124224
S 1475
- 1476
C 1477 1
< 1478 500
< 1476 1
+ 1464 1480
S 1479
- 1482
+ 1479 418
S 1484
+ 1485 1483
< 1486 303
- 1487
+ 1472 1488
< 419 100
+ 1489 1490
C 1491 1237940039285380274899124224
S 1492
- 1493
C 1494 1
< 1495 500
< 1493 0
+ 1481 1497
S 1496
- 1499
+ 1496 418
S 1501
+ 1502 1500
< 1503 302
- 1504
+ 1489 1505
> 1506 100
O 1507
