I
< 1 100
C 2 -2722258935367507707706996859454145691548
S 3
O 4
< 4 131
- 6
+ 7 2
C 8 -1361129467683753853853498429727072845724
S 9
O 10
< 10 130
- 12
+ 13 8
C 14 -680564733841876926926749214863536422812
S 15
O 16
< 16 129
- 18
+ 19 14
C 20 -340282366920938463463374607431768211356
S 21
O 22
< 22 128
- 24
+ 25 20
C 26 -170141183460469231731687303715884105628
S 27
O 28
< 28 127
- 30
+ 31 26
C 32 -85070591730234615865843651857942052764
S 33
O 34
< 34 126
- 36
+ 37 32
C 38 -42535295865117307932921825928971026332
S 39
O 40
< 40 125
- 42
+ 43 38
C 44 -21267647932558653966460912964485513116
S 45
O 46
< 46 124
- 48
+ 49 44
C 50 -10633823966279326983230456482242756508
S 51
O 52
< 52 123
- 54
+ 55 50
C 56 -5316911983139663491615228241121378204
S 57
O 58
< 58 122
- 60
+ 61 56
C 62 -2658455991569831745807614120560689052
S 63
O 64
< 64 121
- 66
+ 67 62
C 68 -1329227995784915872903807060280344476
S 69
O 70
< 70 120
- 72
+ 73 68
C 74 -664613997892457936451903530140172188
S 75
O 76
< 76 119
- 78
+ 79 74
C 80 -332306998946228968225951765070086044
S 81
O 82
< 82 118
- 84
+ 85 80
C 86 -166153499473114484112975882535042972
S 87
O 88
< 88 117
- 90
+ 91 86
C 92 -83076749736557242056487941267521436
S 93
O 94
< 94 116
- 96
+ 97 92
C 98 -41538374868278621028243970633760668
S 99
O 100
< 100 115
- 102
+ 103 98
C 104 -20769187434139310514121985316880284
S 105
O 106
< 106 114
- 108
+ 109 104
C 110 -10384593717069655257060992658440092
S 111
O 112
< 112 113
- 114
+ 115 110
C 116 -5192296858534827628530496329219996
S 117
O 118
< 118 112
- 120
+ 121 116
C 122 -2596148429267413814265248164609948
S 123
O 124
< 124 111
- 126
+ 127 122
C 128 -1298074214633706907132624082304924
S 129
O 130
< 130 110
- 132
+ 133 128
C 134 -649037107316853453566312041152412
S 135
O 136
< 136 109
- 138
+ 139 134
C 140 -324518553658426726783156020576156
S 141
O 142
< 142 108
- 144
+ 145 140
C 146 -162259276829213363391578010288028
S 147
O 148
< 148 107
- 150
+ 151 146
C 152 -81129638414606681695789005143964
S 153
O 154
< 154 106
- 156
+ 157 152
C 158 -40564819207303340847894502571932
S 159
O 160
< 160 105
- 162
+ 163 158
C 164 -20282409603651670423947251285916
S 165
O 166
< 166 104
- 168
+ 169 164
C 170 -10141204801825835211973625642908
S 171
O 172
< 172 103
- 174
+ 175 170
C 176 -5070602400912917605986812821404
S 177
O 178
< 178 102
- 180
+ 181 176
C 182 -2535301200456458802993406410652
S 183
O 184
< 184 101
- 186
+ 187 182
> 188 100
O 189
