I
I
< 1 100
< 2 100
C 3 -2722258935367507707706996859454145690648
S 5
C 4 -2722258935367507707706996859454145690648
S 7
+ 6 8
< 9 200
C 10 -3213876088517980551083924184682325205044405987565585670601752
S 11
< 12 1
- 13
+ 14 9
< 15 1
< 6 131
- 17
+ 3 18
< 8 131
- 20
+ 4 21
C 19 -1361129467683753853853498429727072844824
S 23
C 22 -1361129467683753853853498429727072844824
S 25
+ 24 26
< 27 200
C 28 -3213876088517980551083924184682325205044405987565585670601752
S 29
< 30 1
- 31
+ 32 27
+ 16 33
< 34 1
< 24 130
- 36
+ 19 37
< 26 130
- 39
+ 22 40
C 38 -680564733841876926926749214863536421912
S 42
C 41 -680564733841876926926749214863536421912
S 44
+ 43 45
< 46 200
C 47 -3213876088517980551083924184682325205044405987565585670601752
S 48
< 49 1
- 50
+ 51 46
+ 35 52
< 53 1
< 43 129
- 55
+ 38 56
< 45 129
- 58
+ 41 59
C 57 -340282366920938463463374607431768210456
S 61
C 60 -340282366920938463463374607431768210456
S 63
+ 62 64
< 65 200
C 66 -3213876088517980551083924184682325205044405987565585670601752
S 67
< 68 1
- 69
+ 70 65
+ 54 71
< 72 1
< 62 128
- 74
+ 57 75
< 64 128
- 77
+ 60 78
C 76 -170141183460469231731687303715884104728
S 80
C 79 -170141183460469231731687303715884104728
S 82
+ 81 83
< 84 200
C 85 -3213876088517980551083924184682325205044405987565585670601752
S 86
< 87 1
- 88
+ 89 84
+ 73 90
< 91 1
< 81 127
- 93
+ 76 94
< 83 127
- 96
+ 79 97
C 95 -85070591730234615865843651857942051864
S 99
C 98 -85070591730234615865843651857942051864
S 101
+ 100 102
< 103 200
C 104 -3213876088517980551083924184682325205044405987565585670601752
S 105
< 106 1
- 107
+ 108 103
+ 92 109
< 110 1
< 100 126
- 112
+ 95 113
< 102 126
- 115
+ 98 116
C 114 -42535295865117307932921825928971025432
S 118
C 117 -42535295865117307932921825928971025432
S 120
+ 119 121
< 122 200
C 123 -3213876088517980551083924184682325205044405987565585670601752
S 124
< 125 1
- 126
+ 127 122
+ 111 128
< 129 1
< 119 125
- 131
+ 114 132
< 121 125
- 134
+ 117 135
C 133 -21267647932558653966460912964485512216
S 137
C 136 -21267647932558653966460912964485512216
S 139
+ 138 140
< 141 200
C 142 -3213876088517980551083924184682325205044405987565585670601752
S 143
< 144 1
- 145
+ 146 141
+ 130 147
< 148 1
< 138 124
- 150
+ 133 151
< 140 124
- 153
+ 136 154
C 152 -10633823966279326983230456482242755608
S 156
C 155 -10633823966279326983230456482242755608
S 158
+ 157 159
< 160 200
C 161 -3213876088517980551083924184682325205044405987565585670601752
S 162
< 163 1
- 164
+ 165 160
+ 149 166
< 167 1
< 157 123
- 169
+ 152 170
< 159 123
- 172
+ 155 173
C 171 -5316911983139663491615228241121377304
S 175
C 174 -5316911983139663491615228241121377304
S 177
+ 176 178
< 179 200
C 180 -3213876088517980551083924184682325205044405987565585670601752
S 181
< 182 1
- 183
+ 184 179
+ 168 185
< 186 1
< 176 122
- 188
+ 171 189
< 178 122
- 191
+ 174 192
C 190 -2658455991569831745807614120560688152
S 194
C 193 -2658455991569831745807614120560688152
S 196
+ 195 197
< 198 200
C 199 -3213876088517980551083924184682325205044405987565585670601752
S 200
< 201 1
- 202
+ 203 198
+ 187 204
< 205 1
< 195 121
- 207
+ 190 208
< 197 121
- 210
+ 193 211
C 209 -1329227995784915872903807060280343576
S 213
C 212 -1329227995784915872903807060280343576
S 215
+ 214 216
< 217 200
C 218 -3213876088517980551083924184682325205044405987565585670601752
S 219
< 220 1
- 221
+ 222 217
+ 206 223
< 224 1
< 214 120
- 226
+ 209 227
< 216 120
- 229
+ 212 230
C 228 -664613997892457936451903530140171288
S 232
C 231 -664613997892457936451903530140171288
S 234
+ 233 235
< 236 200
C 237 -3213876088517980551083924184682325205044405987565585670601752
S 238
< 239 1
- 240
+ 241 236
+ 225 242
< 243 1
< 233 119
- 245
+ 228 246
< 235 119
- 248
+ 231 249
C 247 -332306998946228968225951765070085144
S 251
C 250 -332306998946228968225951765070085144
S 253
+ 252 254
< 255 200
C 256 -3213876088517980551083924184682325205044405987565585670601752
S 257
< 258 1
- 259
+ 260 255
+ 244 261
< 262 1
< 252 118
- 264
+ 247 265
< 254 118
- 267
+ 250 268
C 266 -166153499473114484112975882535042072
S 270
C 269 -166153499473114484112975882535042072
S 272
+ 271 273
< 274 200
C 275 -3213876088517980551083924184682325205044405987565585670601752
S 276
< 277 1
- 278
+ 279 274
+ 263 280
< 281 1
< 271 117
- 283
+ 266 284
< 273 117
- 286
+ 269 287
C 285 -83076749736557242056487941267520536
S 289
C 288 -83076749736557242056487941267520536
S 291
+ 290 292
< 293 200
C 294 -3213876088517980551083924184682325205044405987565585670601752
S 295
< 296 1
- 297
+ 298 293
+ 282 299
< 300 1
< 290 116
- 302
+ 285 303
< 292 116
- 305
+ 288 306
C 304 -41538374868278621028243970633759768
S 308
C 307 -41538374868278621028243970633759768
S 310
+ 309 311
< 312 200
C 313 -3213876088517980551083924184682325205044405987565585670601752
S 314
< 315 1
- 316
+ 317 312
+ 301 318
< 319 1
< 309 115
- 321
+ 304 322
< 311 115
- 324
+ 307 325
C 323 -20769187434139310514121985316879384
S 327
C 326 -20769187434139310514121985316879384
S 329
+ 328 330
< 331 200
C 332 -3213876088517980551083924184682325205044405987565585670601752
S 333
< 334 1
- 335
+ 336 331
+ 320 337
< 338 1
< 328 114
- 340
+ 323 341
< 330 114
- 343
+ 326 344
C 342 -10384593717069655257060992658439192
S 346
C 345 -10384593717069655257060992658439192
S 348
+ 347 349
< 350 200
C 351 -3213876088517980551083924184682325205044405987565585670601752
S 352
< 353 1
- 354
+ 355 350
+ 339 356
< 357 1
< 347 113
- 359
+ 342 360
< 349 113
- 362
+ 345 363
C 361 -5192296858534827628530496329219096
S 365
C 364 -5192296858534827628530496329219096
S 367
+ 366 368
< 369 200
C 370 -3213876088517980551083924184682325205044405987565585670601752
S 371
< 372 1
- 373
+ 374 369
+ 358 375
< 376 1
< 366 112
- 378
+ 361 379
< 368 112
- 381
+ 364 382
C 380 -2596148429267413814265248164609048
S 384
C 383 -2596148429267413814265248164609048
S 386
+ 385 387
< 388 200
C 389 -3213876088517980551083924184682325205044405987565585670601752
S 390
< 391 1
- 392
+ 393 388
+ 377 394
< 395 1
< 385 111
- 397
+ 380 398
< 387 111
- 400
+ 383 401
C 399 -1298074214633706907132624082304024
S 403
C 402 -1298074214633706907132624082304024
S 405
+ 404 406
< 407 200
C 408 -3213876088517980551083924184682325205044405987565585670601752
S 409
< 410 1
- 411
+ 412 407
+ 396 413
< 414 1
< 404 110
- 416
+ 399 417
< 406 110
- 419
+ 402 420
C 418 -649037107316853453566312041151512
S 422
C 421 -649037107316853453566312041151512
S 424
+ 423 425
< 426 200
C 427 -3213876088517980551083924184682325205044405987565585670601752
S 428
< 429 1
- 430
+ 431 426
+ 415 432
< 433 1
< 423 109
- 435
+ 418 436
< 425 109
- 438
+ 421 439
C 437 -324518553658426726783156020575256
S 441
C 440 -324518553658426726783156020575256
S 443
+ 442 444
< 445 200
C 446 -3213876088517980551083924184682325205044405987565585670601752
S 447
< 448 1
- 449
+ 450 445
+ 434 451
< 452 1
< 442 108
- 454
+ 437 455
< 444 108
- 457
+ 440 458
C 456 -162259276829213363391578010287128
S 460
C 459 -162259276829213363391578010287128
S 462
+ 461 463
< 464 200
C 465 -3213876088517980551083924184682325205044405987565585670601752
S 466
< 467 1
- 468
+ 469 464
+ 453 470
< 471 1
< 461 107
- 473
+ 456 474
< 463 107
- 476
+ 459 477
C 475 -81129638414606681695789005143064
S 479
C 478 -81129638414606681695789005143064
S 481
+ 480 482
< 483 200
C 484 -3213876088517980551083924184682325205044405987565585670601752
S 485
< 486 1
- 487
+ 488 483
+ 472 489
< 490 1
< 480 106
- 492
+ 475 493
< 482 106
- 495
+ 478 496
C 494 -40564819207303340847894502571032
S 498
C 497 -40564819207303340847894502571032
S 500
+ 499 501
< 502 200
C 503 -3213876088517980551083924184682325205044405987565585670601752
S 504
< 505 1
- 506
+ 507 502
+ 491 508
< 509 1
< 499 105
- 511
+ 494 512
< 501 105
- 514
+ 497 515
C 513 -20282409603651670423947251285016
S 517
C 516 -20282409603651670423947251285016
S 519
+ 518 520
< 521 200
C 522 -3213876088517980551083924184682325205044405987565585670601752
S 523
< 524 1
- 525
+ 526 521
+ 510 527
< 528 1
< 518 104
- 530
+ 513 531
< 520 104
- 533
+ 516 534
C 532 -10141204801825835211973625642008
S 536
C 535 -10141204801825835211973625642008
S 538
+ 537 539
< 540 200
C 541 -3213876088517980551083924184682325205044405987565585670601752
S 542
< 543 1
- 544
+ 545 540
+ 529 546
< 547 1
< 537 103
- 549
+ 532 550
< 539 103
- 552
+ 535 553
C 551 -5070602400912917605986812820504
S 555
C 554 -5070602400912917605986812820504
S 557
+ 556 558
< 559 200
C 560 -3213876088517980551083924184682325205044405987565585670601752
S 561
< 562 1
- 563
+ 564 559
+ 548 565
< 566 1
< 556 102
- 568
+ 551 569
< 558 102
- 571
+ 554 572
C 570 -2535301200456458802993406409752
S 574
C 573 -2535301200456458802993406409752
S 576
+ 575 577
< 578 200
C 579 -3213876088517980551083924184682325205044405987565585670601752
S 580
< 581 1
- 582
+ 583 578
+ 567 584
< 585 1
< 575 101
- 587
+ 570 588
< 577 101
- 590
+ 573 591
C 589 -1267650600228229401496703204376
S 593
C 592 -1267650600228229401496703204376
S 595
+ 594 596
< 597 200
C 598 -3213876088517980551083924184682325205044405987565585670601752
S 599
< 600 1
- 601
+ 602 597
+ 586 603
O 604
